<?xml version="1.0" encoding="UTF-8"?>
<!-- Generated by org.testng.reporters.JUnitXMLReporter -->
<testsuite ignored="0" hostname="DESKTOP-MULBQUB" failures="9" tests="9" name="Default test" time="56.924" errors="0" timestamp="2023-05-24T17:51:05 IST">
  <testcase classname="subscription.PlanValidationTest" name="validatePlanPriceCurrencyForCountry" time="3.077">
    <failure type="java.lang.AssertionError" message="The following asserts failed:
	Validated Plan Type for Saudiarabia , Plan lite expected [true] but found [false],
	Validated Price and Plan Type for Saudiarabia , Plan lite Price 15 expected [true] but found [false],
	Validated Currency for Saudiarabia , CurrencySAR expected [true] but found [false]">
      <![CDATA[java.lang.AssertionError: The following asserts failed:
Validated Plan Type for Saudiarabia , Plan lite expected [true] but found [false],
Validated Price and Plan Type for Saudiarabia , Plan lite Price 15 expected [true] but found [false],
Validated Currency for Saudiarabia , CurrencySAR expected [true] but found [false]
at org.testng.asserts.SoftAssert.assertAll(SoftAssert.java:47)
at org.testng.asserts.SoftAssert.assertAll(SoftAssert.java:31)
at subscription.PlanValidationTest.validatePlanPriceCurrencyForCountry(PlanValidationTest.java:43)
at java.base/jdk.internal.reflect.NativeMethodAccessorImpl.invoke0(Native Method)
at java.base/jdk.internal.reflect.NativeMethodAccessorImpl.invoke(NativeMethodAccessorImpl.java:77)
at java.base/jdk.internal.reflect.DelegatingMethodAccessorImpl.invoke(DelegatingMethodAccessorImpl.java:43)
at java.base/java.lang.reflect.Method.invoke(Method.java:568)
at org.testng.internal.MethodInvocationHelper.invokeMethod(MethodInvocationHelper.java:133)
at org.testng.internal.TestInvoker.invokeMethod(TestInvoker.java:598)
at org.testng.internal.TestInvoker.invokeTestMethod(TestInvoker.java:173)
at org.testng.internal.MethodRunner.runInSequence(MethodRunner.java:46)
at org.testng.internal.TestInvoker$MethodInvocationAgent.invoke(TestInvoker.java:824)
at org.testng.internal.TestInvoker.invokeTestMethods(TestInvoker.java:146)
at org.testng.internal.TestMethodWorker.invokeTestMethods(TestMethodWorker.java:146)
at org.testng.internal.TestMethodWorker.run(TestMethodWorker.java:128)
at java.base/java.util.ArrayList.forEach(ArrayList.java:1511)
at org.testng.TestRunner.privateRun(TestRunner.java:794)
at org.testng.TestRunner.run(TestRunner.java:596)
at org.testng.SuiteRunner.runTest(SuiteRunner.java:377)
at org.testng.SuiteRunner.runSequentially(SuiteRunner.java:371)
at org.testng.SuiteRunner.privateRun(SuiteRunner.java:332)
at org.testng.SuiteRunner.run(SuiteRunner.java:276)
at org.testng.SuiteRunnerWorker.runSuite(SuiteRunnerWorker.java:53)
at org.testng.SuiteRunnerWorker.run(SuiteRunnerWorker.java:96)
at org.testng.TestNG.runSuitesSequentially(TestNG.java:1212)
at org.testng.TestNG.runSuitesLocally(TestNG.java:1134)
at org.testng.TestNG.runSuites(TestNG.java:1063)
at org.testng.TestNG.run(TestNG.java:1031)
at org.testng.remote.AbstractRemoteTestNG.run(AbstractRemoteTestNG.java:115)
at org.testng.remote.RemoteTestNG.initAndRun(RemoteTestNG.java:251)
at org.testng.remote.RemoteTestNG.main(RemoteTestNG.java:77)
]]>
    </failure>
  </testcase> <!-- validatePlanPriceCurrencyForCountry -->
  <testcase classname="subscription.PlanValidationTest" name="validatePlanPriceCurrencyForCountry" time="3.068">
    <failure type="java.lang.AssertionError" message="The following asserts failed:
	Validated Plan Type for Saudiarabia , Plan lite expected [true] but found [false],
	Validated Price and Plan Type for Saudiarabia , Plan lite Price 15 expected [true] but found [false],
	Validated Currency for Saudiarabia , CurrencySAR expected [true] but found [false],
	Validated Plan Type for Saudiarabia , Plan classic expected [true] but found [false],
	Validated Price and Plan Type for Saudiarabia , Plan classic Price 25 expected [true] but found [false],
	Validated Currency for Saudiarabia , CurrencySAR expected [true] but found [false]">
      <![CDATA[java.lang.AssertionError: The following asserts failed:
Validated Plan Type for Saudiarabia , Plan lite expected [true] but found [false],
Validated Price and Plan Type for Saudiarabia , Plan lite Price 15 expected [true] but found [false],
Validated Currency for Saudiarabia , CurrencySAR expected [true] but found [false],
Validated Plan Type for Saudiarabia , Plan classic expected [true] but found [false],
Validated Price and Plan Type for Saudiarabia , Plan classic Price 25 expected [true] but found [false],
Validated Currency for Saudiarabia , CurrencySAR expected [true] but found [false]
at org.testng.asserts.SoftAssert.assertAll(SoftAssert.java:47)
at org.testng.asserts.SoftAssert.assertAll(SoftAssert.java:31)
at subscription.PlanValidationTest.validatePlanPriceCurrencyForCountry(PlanValidationTest.java:43)
at java.base/jdk.internal.reflect.NativeMethodAccessorImpl.invoke0(Native Method)
at java.base/jdk.internal.reflect.NativeMethodAccessorImpl.invoke(NativeMethodAccessorImpl.java:77)
at java.base/jdk.internal.reflect.DelegatingMethodAccessorImpl.invoke(DelegatingMethodAccessorImpl.java:43)
at java.base/java.lang.reflect.Method.invoke(Method.java:568)
at org.testng.internal.MethodInvocationHelper.invokeMethod(MethodInvocationHelper.java:133)
at org.testng.internal.TestInvoker.invokeMethod(TestInvoker.java:598)
at org.testng.internal.TestInvoker.invokeTestMethod(TestInvoker.java:173)
at org.testng.internal.MethodRunner.runInSequence(MethodRunner.java:46)
at org.testng.internal.TestInvoker$MethodInvocationAgent.invoke(TestInvoker.java:824)
at org.testng.internal.TestInvoker.invokeTestMethods(TestInvoker.java:146)
at org.testng.internal.TestMethodWorker.invokeTestMethods(TestMethodWorker.java:146)
at org.testng.internal.TestMethodWorker.run(TestMethodWorker.java:128)
at java.base/java.util.ArrayList.forEach(ArrayList.java:1511)
at org.testng.TestRunner.privateRun(TestRunner.java:794)
at org.testng.TestRunner.run(TestRunner.java:596)
at org.testng.SuiteRunner.runTest(SuiteRunner.java:377)
at org.testng.SuiteRunner.runSequentially(SuiteRunner.java:371)
at org.testng.SuiteRunner.privateRun(SuiteRunner.java:332)
at org.testng.SuiteRunner.run(SuiteRunner.java:276)
at org.testng.SuiteRunnerWorker.runSuite(SuiteRunnerWorker.java:53)
at org.testng.SuiteRunnerWorker.run(SuiteRunnerWorker.java:96)
at org.testng.TestNG.runSuitesSequentially(TestNG.java:1212)
at org.testng.TestNG.runSuitesLocally(TestNG.java:1134)
at org.testng.TestNG.runSuites(TestNG.java:1063)
at org.testng.TestNG.run(TestNG.java:1031)
at org.testng.remote.AbstractRemoteTestNG.run(AbstractRemoteTestNG.java:115)
at org.testng.remote.RemoteTestNG.initAndRun(RemoteTestNG.java:251)
at org.testng.remote.RemoteTestNG.main(RemoteTestNG.java:77)
]]>
    </failure>
  </testcase> <!-- validatePlanPriceCurrencyForCountry -->
  <testcase classname="subscription.PlanValidationTest" name="validatePlanPriceCurrencyForCountry" time="3.039">
    <failure type="java.lang.AssertionError" message="The following asserts failed:
	Validated Plan Type for Saudiarabia , Plan lite expected [true] but found [false],
	Validated Price and Plan Type for Saudiarabia , Plan lite Price 15 expected [true] but found [false],
	Validated Currency for Saudiarabia , CurrencySAR expected [true] but found [false],
	Validated Plan Type for Saudiarabia , Plan classic expected [true] but found [false],
	Validated Price and Plan Type for Saudiarabia , Plan classic Price 25 expected [true] but found [false],
	Validated Currency for Saudiarabia , CurrencySAR expected [true] but found [false],
	Validated Plan Type for Saudiarabia , Plan premium expected [true] but found [false],
	Validated Price and Plan Type for Saudiarabia , Plan premium Price 60 expected [true] but found [false],
	Validated Currency for Saudiarabia , CurrencySAR expected [true] but found [false]">
      <![CDATA[java.lang.AssertionError: The following asserts failed:
Validated Plan Type for Saudiarabia , Plan lite expected [true] but found [false],
Validated Price and Plan Type for Saudiarabia , Plan lite Price 15 expected [true] but found [false],
Validated Currency for Saudiarabia , CurrencySAR expected [true] but found [false],
Validated Plan Type for Saudiarabia , Plan classic expected [true] but found [false],
Validated Price and Plan Type for Saudiarabia , Plan classic Price 25 expected [true] but found [false],
Validated Currency for Saudiarabia , CurrencySAR expected [true] but found [false],
Validated Plan Type for Saudiarabia , Plan premium expected [true] but found [false],
Validated Price and Plan Type for Saudiarabia , Plan premium Price 60 expected [true] but found [false],
Validated Currency for Saudiarabia , CurrencySAR expected [true] but found [false]
at org.testng.asserts.SoftAssert.assertAll(SoftAssert.java:47)
at org.testng.asserts.SoftAssert.assertAll(SoftAssert.java:31)
at subscription.PlanValidationTest.validatePlanPriceCurrencyForCountry(PlanValidationTest.java:43)
at java.base/jdk.internal.reflect.NativeMethodAccessorImpl.invoke0(Native Method)
at java.base/jdk.internal.reflect.NativeMethodAccessorImpl.invoke(NativeMethodAccessorImpl.java:77)
at java.base/jdk.internal.reflect.DelegatingMethodAccessorImpl.invoke(DelegatingMethodAccessorImpl.java:43)
at java.base/java.lang.reflect.Method.invoke(Method.java:568)
at org.testng.internal.MethodInvocationHelper.invokeMethod(MethodInvocationHelper.java:133)
at org.testng.internal.TestInvoker.invokeMethod(TestInvoker.java:598)
at org.testng.internal.TestInvoker.invokeTestMethod(TestInvoker.java:173)
at org.testng.internal.MethodRunner.runInSequence(MethodRunner.java:46)
at org.testng.internal.TestInvoker$MethodInvocationAgent.invoke(TestInvoker.java:824)
at org.testng.internal.TestInvoker.invokeTestMethods(TestInvoker.java:146)
at org.testng.internal.TestMethodWorker.invokeTestMethods(TestMethodWorker.java:146)
at org.testng.internal.TestMethodWorker.run(TestMethodWorker.java:128)
at java.base/java.util.ArrayList.forEach(ArrayList.java:1511)
at org.testng.TestRunner.privateRun(TestRunner.java:794)
at org.testng.TestRunner.run(TestRunner.java:596)
at org.testng.SuiteRunner.runTest(SuiteRunner.java:377)
at org.testng.SuiteRunner.runSequentially(SuiteRunner.java:371)
at org.testng.SuiteRunner.privateRun(SuiteRunner.java:332)
at org.testng.SuiteRunner.run(SuiteRunner.java:276)
at org.testng.SuiteRunnerWorker.runSuite(SuiteRunnerWorker.java:53)
at org.testng.SuiteRunnerWorker.run(SuiteRunnerWorker.java:96)
at org.testng.TestNG.runSuitesSequentially(TestNG.java:1212)
at org.testng.TestNG.runSuitesLocally(TestNG.java:1134)
at org.testng.TestNG.runSuites(TestNG.java:1063)
at org.testng.TestNG.run(TestNG.java:1031)
at org.testng.remote.AbstractRemoteTestNG.run(AbstractRemoteTestNG.java:115)
at org.testng.remote.RemoteTestNG.initAndRun(RemoteTestNG.java:251)
at org.testng.remote.RemoteTestNG.main(RemoteTestNG.java:77)
]]>
    </failure>
  </testcase> <!-- validatePlanPriceCurrencyForCountry -->
  <testcase classname="subscription.PlanValidationTest" name="validatePlanPriceCurrencyForCountry" time="3.039">
    <failure type="java.lang.AssertionError" message="The following asserts failed:
	Validated Plan Type for Saudiarabia , Plan lite expected [true] but found [false],
	Validated Price and Plan Type for Saudiarabia , Plan lite Price 15 expected [true] but found [false],
	Validated Currency for Saudiarabia , CurrencySAR expected [true] but found [false],
	Validated Plan Type for Saudiarabia , Plan classic expected [true] but found [false],
	Validated Price and Plan Type for Saudiarabia , Plan classic Price 25 expected [true] but found [false],
	Validated Currency for Saudiarabia , CurrencySAR expected [true] but found [false],
	Validated Plan Type for Saudiarabia , Plan premium expected [true] but found [false],
	Validated Price and Plan Type for Saudiarabia , Plan premium Price 60 expected [true] but found [false],
	Validated Currency for Saudiarabia , CurrencySAR expected [true] but found [false],
	Validated Plan Type for Kuwait , Plan lite expected [true] but found [false],
	Validated Price and Plan Type for Kuwait , Plan lite Price 1.2 expected [true] but found [false],
	Validated Currency for Kuwait , CurrencyKWD expected [true] but found [false]">
      <![CDATA[java.lang.AssertionError: The following asserts failed:
Validated Plan Type for Saudiarabia , Plan lite expected [true] but found [false],
Validated Price and Plan Type for Saudiarabia , Plan lite Price 15 expected [true] but found [false],
Validated Currency for Saudiarabia , CurrencySAR expected [true] but found [false],
Validated Plan Type for Saudiarabia , Plan classic expected [true] but found [false],
Validated Price and Plan Type for Saudiarabia , Plan classic Price 25 expected [true] but found [false],
Validated Currency for Saudiarabia , CurrencySAR expected [true] but found [false],
Validated Plan Type for Saudiarabia , Plan premium expected [true] but found [false],
Validated Price and Plan Type for Saudiarabia , Plan premium Price 60 expected [true] but found [false],
Validated Currency for Saudiarabia , CurrencySAR expected [true] but found [false],
Validated Plan Type for Kuwait , Plan lite expected [true] but found [false],
Validated Price and Plan Type for Kuwait , Plan lite Price 1.2 expected [true] but found [false],
Validated Currency for Kuwait , CurrencyKWD expected [true] but found [false]
at org.testng.asserts.SoftAssert.assertAll(SoftAssert.java:47)
at org.testng.asserts.SoftAssert.assertAll(SoftAssert.java:31)
at subscription.PlanValidationTest.validatePlanPriceCurrencyForCountry(PlanValidationTest.java:43)
at java.base/jdk.internal.reflect.NativeMethodAccessorImpl.invoke0(Native Method)
at java.base/jdk.internal.reflect.NativeMethodAccessorImpl.invoke(NativeMethodAccessorImpl.java:77)
at java.base/jdk.internal.reflect.DelegatingMethodAccessorImpl.invoke(DelegatingMethodAccessorImpl.java:43)
at java.base/java.lang.reflect.Method.invoke(Method.java:568)
at org.testng.internal.MethodInvocationHelper.invokeMethod(MethodInvocationHelper.java:133)
at org.testng.internal.TestInvoker.invokeMethod(TestInvoker.java:598)
at org.testng.internal.TestInvoker.invokeTestMethod(TestInvoker.java:173)
at org.testng.internal.MethodRunner.runInSequence(MethodRunner.java:46)
at org.testng.internal.TestInvoker$MethodInvocationAgent.invoke(TestInvoker.java:824)
at org.testng.internal.TestInvoker.invokeTestMethods(TestInvoker.java:146)
at org.testng.internal.TestMethodWorker.invokeTestMethods(TestMethodWorker.java:146)
at org.testng.internal.TestMethodWorker.run(TestMethodWorker.java:128)
at java.base/java.util.ArrayList.forEach(ArrayList.java:1511)
at org.testng.TestRunner.privateRun(TestRunner.java:794)
at org.testng.TestRunner.run(TestRunner.java:596)
at org.testng.SuiteRunner.runTest(SuiteRunner.java:377)
at org.testng.SuiteRunner.runSequentially(SuiteRunner.java:371)
at org.testng.SuiteRunner.privateRun(SuiteRunner.java:332)
at org.testng.SuiteRunner.run(SuiteRunner.java:276)
at org.testng.SuiteRunnerWorker.runSuite(SuiteRunnerWorker.java:53)
at org.testng.SuiteRunnerWorker.run(SuiteRunnerWorker.java:96)
at org.testng.TestNG.runSuitesSequentially(TestNG.java:1212)
at org.testng.TestNG.runSuitesLocally(TestNG.java:1134)
at org.testng.TestNG.runSuites(TestNG.java:1063)
at org.testng.TestNG.run(TestNG.java:1031)
at org.testng.remote.AbstractRemoteTestNG.run(AbstractRemoteTestNG.java:115)
at org.testng.remote.RemoteTestNG.initAndRun(RemoteTestNG.java:251)
at org.testng.remote.RemoteTestNG.main(RemoteTestNG.java:77)
]]>
    </failure>
  </testcase> <!-- validatePlanPriceCurrencyForCountry -->
  <testcase classname="subscription.PlanValidationTest" name="validatePlanPriceCurrencyForCountry" time="3.029">
    <failure type="java.lang.AssertionError" message="The following asserts failed:
	Validated Plan Type for Saudiarabia , Plan lite expected [true] but found [false],
	Validated Price and Plan Type for Saudiarabia , Plan lite Price 15 expected [true] but found [false],
	Validated Currency for Saudiarabia , CurrencySAR expected [true] but found [false],
	Validated Plan Type for Saudiarabia , Plan classic expected [true] but found [false],
	Validated Price and Plan Type for Saudiarabia , Plan classic Price 25 expected [true] but found [false],
	Validated Currency for Saudiarabia , CurrencySAR expected [true] but found [false],
	Validated Plan Type for Saudiarabia , Plan premium expected [true] but found [false],
	Validated Price and Plan Type for Saudiarabia , Plan premium Price 60 expected [true] but found [false],
	Validated Currency for Saudiarabia , CurrencySAR expected [true] but found [false],
	Validated Plan Type for Kuwait , Plan lite expected [true] but found [false],
	Validated Price and Plan Type for Kuwait , Plan lite Price 1.2 expected [true] but found [false],
	Validated Currency for Kuwait , CurrencyKWD expected [true] but found [false],
	Validated Plan Type for Kuwait , Plan classic expected [true] but found [false],
	Validated Price and Plan Type for Kuwait , Plan classic Price 2.5 expected [true] but found [false],
	Validated Currency for Kuwait , CurrencyKWD expected [true] but found [false]">
      <![CDATA[java.lang.AssertionError: The following asserts failed:
Validated Plan Type for Saudiarabia , Plan lite expected [true] but found [false],
Validated Price and Plan Type for Saudiarabia , Plan lite Price 15 expected [true] but found [false],
Validated Currency for Saudiarabia , CurrencySAR expected [true] but found [false],
Validated Plan Type for Saudiarabia , Plan classic expected [true] but found [false],
Validated Price and Plan Type for Saudiarabia , Plan classic Price 25 expected [true] but found [false],
Validated Currency for Saudiarabia , CurrencySAR expected [true] but found [false],
Validated Plan Type for Saudiarabia , Plan premium expected [true] but found [false],
Validated Price and Plan Type for Saudiarabia , Plan premium Price 60 expected [true] but found [false],
Validated Currency for Saudiarabia , CurrencySAR expected [true] but found [false],
Validated Plan Type for Kuwait , Plan lite expected [true] but found [false],
Validated Price and Plan Type for Kuwait , Plan lite Price 1.2 expected [true] but found [false],
Validated Currency for Kuwait , CurrencyKWD expected [true] but found [false],
Validated Plan Type for Kuwait , Plan classic expected [true] but found [false],
Validated Price and Plan Type for Kuwait , Plan classic Price 2.5 expected [true] but found [false],
Validated Currency for Kuwait , CurrencyKWD expected [true] but found [false]
at org.testng.asserts.SoftAssert.assertAll(SoftAssert.java:47)
at org.testng.asserts.SoftAssert.assertAll(SoftAssert.java:31)
at subscription.PlanValidationTest.validatePlanPriceCurrencyForCountry(PlanValidationTest.java:43)
at java.base/jdk.internal.reflect.NativeMethodAccessorImpl.invoke0(Native Method)
at java.base/jdk.internal.reflect.NativeMethodAccessorImpl.invoke(NativeMethodAccessorImpl.java:77)
at java.base/jdk.internal.reflect.DelegatingMethodAccessorImpl.invoke(DelegatingMethodAccessorImpl.java:43)
at java.base/java.lang.reflect.Method.invoke(Method.java:568)
at org.testng.internal.MethodInvocationHelper.invokeMethod(MethodInvocationHelper.java:133)
at org.testng.internal.TestInvoker.invokeMethod(TestInvoker.java:598)
at org.testng.internal.TestInvoker.invokeTestMethod(TestInvoker.java:173)
at org.testng.internal.MethodRunner.runInSequence(MethodRunner.java:46)
at org.testng.internal.TestInvoker$MethodInvocationAgent.invoke(TestInvoker.java:824)
at org.testng.internal.TestInvoker.invokeTestMethods(TestInvoker.java:146)
at org.testng.internal.TestMethodWorker.invokeTestMethods(TestMethodWorker.java:146)
at org.testng.internal.TestMethodWorker.run(TestMethodWorker.java:128)
at java.base/java.util.ArrayList.forEach(ArrayList.java:1511)
at org.testng.TestRunner.privateRun(TestRunner.java:794)
at org.testng.TestRunner.run(TestRunner.java:596)
at org.testng.SuiteRunner.runTest(SuiteRunner.java:377)
at org.testng.SuiteRunner.runSequentially(SuiteRunner.java:371)
at org.testng.SuiteRunner.privateRun(SuiteRunner.java:332)
at org.testng.SuiteRunner.run(SuiteRunner.java:276)
at org.testng.SuiteRunnerWorker.runSuite(SuiteRunnerWorker.java:53)
at org.testng.SuiteRunnerWorker.run(SuiteRunnerWorker.java:96)
at org.testng.TestNG.runSuitesSequentially(TestNG.java:1212)
at org.testng.TestNG.runSuitesLocally(TestNG.java:1134)
at org.testng.TestNG.runSuites(TestNG.java:1063)
at org.testng.TestNG.run(TestNG.java:1031)
at org.testng.remote.AbstractRemoteTestNG.run(AbstractRemoteTestNG.java:115)
at org.testng.remote.RemoteTestNG.initAndRun(RemoteTestNG.java:251)
at org.testng.remote.RemoteTestNG.main(RemoteTestNG.java:77)
]]>
    </failure>
  </testcase> <!-- validatePlanPriceCurrencyForCountry -->
  <testcase classname="subscription.PlanValidationTest" name="validatePlanPriceCurrencyForCountry" time="3.017">
    <failure type="java.lang.AssertionError" message="The following asserts failed:
	Validated Plan Type for Saudiarabia , Plan lite expected [true] but found [false],
	Validated Price and Plan Type for Saudiarabia , Plan lite Price 15 expected [true] but found [false],
	Validated Currency for Saudiarabia , CurrencySAR expected [true] but found [false],
	Validated Plan Type for Saudiarabia , Plan classic expected [true] but found [false],
	Validated Price and Plan Type for Saudiarabia , Plan classic Price 25 expected [true] but found [false],
	Validated Currency for Saudiarabia , CurrencySAR expected [true] but found [false],
	Validated Plan Type for Saudiarabia , Plan premium expected [true] but found [false],
	Validated Price and Plan Type for Saudiarabia , Plan premium Price 60 expected [true] but found [false],
	Validated Currency for Saudiarabia , CurrencySAR expected [true] but found [false],
	Validated Plan Type for Kuwait , Plan lite expected [true] but found [false],
	Validated Price and Plan Type for Kuwait , Plan lite Price 1.2 expected [true] but found [false],
	Validated Currency for Kuwait , CurrencyKWD expected [true] but found [false],
	Validated Plan Type for Kuwait , Plan classic expected [true] but found [false],
	Validated Price and Plan Type for Kuwait , Plan classic Price 2.5 expected [true] but found [false],
	Validated Currency for Kuwait , CurrencyKWD expected [true] but found [false],
	Validated Plan Type for Kuwait , Plan premium expected [true] but found [false],
	Validated Price and Plan Type for Kuwait , Plan premium Price 4.8 expected [true] but found [false],
	Validated Currency for Kuwait , CurrencyKWD expected [true] but found [false]">
      <![CDATA[java.lang.AssertionError: The following asserts failed:
Validated Plan Type for Saudiarabia , Plan lite expected [true] but found [false],
Validated Price and Plan Type for Saudiarabia , Plan lite Price 15 expected [true] but found [false],
Validated Currency for Saudiarabia , CurrencySAR expected [true] but found [false],
Validated Plan Type for Saudiarabia , Plan classic expected [true] but found [false],
Validated Price and Plan Type for Saudiarabia , Plan classic Price 25 expected [true] but found [false],
Validated Currency for Saudiarabia , CurrencySAR expected [true] but found [false],
Validated Plan Type for Saudiarabia , Plan premium expected [true] but found [false],
Validated Price and Plan Type for Saudiarabia , Plan premium Price 60 expected [true] but found [false],
Validated Currency for Saudiarabia , CurrencySAR expected [true] but found [false],
Validated Plan Type for Kuwait , Plan lite expected [true] but found [false],
Validated Price and Plan Type for Kuwait , Plan lite Price 1.2 expected [true] but found [false],
Validated Currency for Kuwait , CurrencyKWD expected [true] but found [false],
Validated Plan Type for Kuwait , Plan classic expected [true] but found [false],
Validated Price and Plan Type for Kuwait , Plan classic Price 2.5 expected [true] but found [false],
Validated Currency for Kuwait , CurrencyKWD expected [true] but found [false],
Validated Plan Type for Kuwait , Plan premium expected [true] but found [false],
Validated Price and Plan Type for Kuwait , Plan premium Price 4.8 expected [true] but found [false],
Validated Currency for Kuwait , CurrencyKWD expected [true] but found [false]
at org.testng.asserts.SoftAssert.assertAll(SoftAssert.java:47)
at org.testng.asserts.SoftAssert.assertAll(SoftAssert.java:31)
at subscription.PlanValidationTest.validatePlanPriceCurrencyForCountry(PlanValidationTest.java:43)
at java.base/jdk.internal.reflect.NativeMethodAccessorImpl.invoke0(Native Method)
at java.base/jdk.internal.reflect.NativeMethodAccessorImpl.invoke(NativeMethodAccessorImpl.java:77)
at java.base/jdk.internal.reflect.DelegatingMethodAccessorImpl.invoke(DelegatingMethodAccessorImpl.java:43)
at java.base/java.lang.reflect.Method.invoke(Method.java:568)
at org.testng.internal.MethodInvocationHelper.invokeMethod(MethodInvocationHelper.java:133)
at org.testng.internal.TestInvoker.invokeMethod(TestInvoker.java:598)
at org.testng.internal.TestInvoker.invokeTestMethod(TestInvoker.java:173)
at org.testng.internal.MethodRunner.runInSequence(MethodRunner.java:46)
at org.testng.internal.TestInvoker$MethodInvocationAgent.invoke(TestInvoker.java:824)
at org.testng.internal.TestInvoker.invokeTestMethods(TestInvoker.java:146)
at org.testng.internal.TestMethodWorker.invokeTestMethods(TestMethodWorker.java:146)
at org.testng.internal.TestMethodWorker.run(TestMethodWorker.java:128)
at java.base/java.util.ArrayList.forEach(ArrayList.java:1511)
at org.testng.TestRunner.privateRun(TestRunner.java:794)
at org.testng.TestRunner.run(TestRunner.java:596)
at org.testng.SuiteRunner.runTest(SuiteRunner.java:377)
at org.testng.SuiteRunner.runSequentially(SuiteRunner.java:371)
at org.testng.SuiteRunner.privateRun(SuiteRunner.java:332)
at org.testng.SuiteRunner.run(SuiteRunner.java:276)
at org.testng.SuiteRunnerWorker.runSuite(SuiteRunnerWorker.java:53)
at org.testng.SuiteRunnerWorker.run(SuiteRunnerWorker.java:96)
at org.testng.TestNG.runSuitesSequentially(TestNG.java:1212)
at org.testng.TestNG.runSuitesLocally(TestNG.java:1134)
at org.testng.TestNG.runSuites(TestNG.java:1063)
at org.testng.TestNG.run(TestNG.java:1031)
at org.testng.remote.AbstractRemoteTestNG.run(AbstractRemoteTestNG.java:115)
at org.testng.remote.RemoteTestNG.initAndRun(RemoteTestNG.java:251)
at org.testng.remote.RemoteTestNG.main(RemoteTestNG.java:77)
]]>
    </failure>
  </testcase> <!-- validatePlanPriceCurrencyForCountry -->
  <testcase classname="subscription.PlanValidationTest" name="validatePlanPriceCurrencyForCountry" time="3.023">
    <failure type="java.lang.AssertionError" message="The following asserts failed:
	Validated Plan Type for Saudiarabia , Plan lite expected [true] but found [false],
	Validated Price and Plan Type for Saudiarabia , Plan lite Price 15 expected [true] but found [false],
	Validated Currency for Saudiarabia , CurrencySAR expected [true] but found [false],
	Validated Plan Type for Saudiarabia , Plan classic expected [true] but found [false],
	Validated Price and Plan Type for Saudiarabia , Plan classic Price 25 expected [true] but found [false],
	Validated Currency for Saudiarabia , CurrencySAR expected [true] but found [false],
	Validated Plan Type for Saudiarabia , Plan premium expected [true] but found [false],
	Validated Price and Plan Type for Saudiarabia , Plan premium Price 60 expected [true] but found [false],
	Validated Currency for Saudiarabia , CurrencySAR expected [true] but found [false],
	Validated Plan Type for Kuwait , Plan lite expected [true] but found [false],
	Validated Price and Plan Type for Kuwait , Plan lite Price 1.2 expected [true] but found [false],
	Validated Currency for Kuwait , CurrencyKWD expected [true] but found [false],
	Validated Plan Type for Kuwait , Plan classic expected [true] but found [false],
	Validated Price and Plan Type for Kuwait , Plan classic Price 2.5 expected [true] but found [false],
	Validated Currency for Kuwait , CurrencyKWD expected [true] but found [false],
	Validated Plan Type for Kuwait , Plan premium expected [true] but found [false],
	Validated Price and Plan Type for Kuwait , Plan premium Price 4.8 expected [true] but found [false],
	Validated Currency for Kuwait , CurrencyKWD expected [true] but found [false],
	Validated Plan Type for Baharin , Plan lite expected [true] but found [false],
	Validated Price and Plan Type for Baharin , Plan lite Price 2 expected [true] but found [false],
	Validated Currency for Baharin , CurrencyBHD expected [true] but found [false]">
      <![CDATA[java.lang.AssertionError: The following asserts failed:
Validated Plan Type for Saudiarabia , Plan lite expected [true] but found [false],
Validated Price and Plan Type for Saudiarabia , Plan lite Price 15 expected [true] but found [false],
Validated Currency for Saudiarabia , CurrencySAR expected [true] but found [false],
Validated Plan Type for Saudiarabia , Plan classic expected [true] but found [false],
Validated Price and Plan Type for Saudiarabia , Plan classic Price 25 expected [true] but found [false],
Validated Currency for Saudiarabia , CurrencySAR expected [true] but found [false],
Validated Plan Type for Saudiarabia , Plan premium expected [true] but found [false],
Validated Price and Plan Type for Saudiarabia , Plan premium Price 60 expected [true] but found [false],
Validated Currency for Saudiarabia , CurrencySAR expected [true] but found [false],
Validated Plan Type for Kuwait , Plan lite expected [true] but found [false],
Validated Price and Plan Type for Kuwait , Plan lite Price 1.2 expected [true] but found [false],
Validated Currency for Kuwait , CurrencyKWD expected [true] but found [false],
Validated Plan Type for Kuwait , Plan classic expected [true] but found [false],
Validated Price and Plan Type for Kuwait , Plan classic Price 2.5 expected [true] but found [false],
Validated Currency for Kuwait , CurrencyKWD expected [true] but found [false],
Validated Plan Type for Kuwait , Plan premium expected [true] but found [false],
Validated Price and Plan Type for Kuwait , Plan premium Price 4.8 expected [true] but found [false],
Validated Currency for Kuwait , CurrencyKWD expected [true] but found [false],
Validated Plan Type for Baharin , Plan lite expected [true] but found [false],
Validated Price and Plan Type for Baharin , Plan lite Price 2 expected [true] but found [false],
Validated Currency for Baharin , CurrencyBHD expected [true] but found [false]
at org.testng.asserts.SoftAssert.assertAll(SoftAssert.java:47)
at org.testng.asserts.SoftAssert.assertAll(SoftAssert.java:31)
at subscription.PlanValidationTest.validatePlanPriceCurrencyForCountry(PlanValidationTest.java:43)
at java.base/jdk.internal.reflect.NativeMethodAccessorImpl.invoke0(Native Method)
at java.base/jdk.internal.reflect.NativeMethodAccessorImpl.invoke(NativeMethodAccessorImpl.java:77)
at java.base/jdk.internal.reflect.DelegatingMethodAccessorImpl.invoke(DelegatingMethodAccessorImpl.java:43)
at java.base/java.lang.reflect.Method.invoke(Method.java:568)
at org.testng.internal.MethodInvocationHelper.invokeMethod(MethodInvocationHelper.java:133)
at org.testng.internal.TestInvoker.invokeMethod(TestInvoker.java:598)
at org.testng.internal.TestInvoker.invokeTestMethod(TestInvoker.java:173)
at org.testng.internal.MethodRunner.runInSequence(MethodRunner.java:46)
at org.testng.internal.TestInvoker$MethodInvocationAgent.invoke(TestInvoker.java:824)
at org.testng.internal.TestInvoker.invokeTestMethods(TestInvoker.java:146)
at org.testng.internal.TestMethodWorker.invokeTestMethods(TestMethodWorker.java:146)
at org.testng.internal.TestMethodWorker.run(TestMethodWorker.java:128)
at java.base/java.util.ArrayList.forEach(ArrayList.java:1511)
at org.testng.TestRunner.privateRun(TestRunner.java:794)
at org.testng.TestRunner.run(TestRunner.java:596)
at org.testng.SuiteRunner.runTest(SuiteRunner.java:377)
at org.testng.SuiteRunner.runSequentially(SuiteRunner.java:371)
at org.testng.SuiteRunner.privateRun(SuiteRunner.java:332)
at org.testng.SuiteRunner.run(SuiteRunner.java:276)
at org.testng.SuiteRunnerWorker.runSuite(SuiteRunnerWorker.java:53)
at org.testng.SuiteRunnerWorker.run(SuiteRunnerWorker.java:96)
at org.testng.TestNG.runSuitesSequentially(TestNG.java:1212)
at org.testng.TestNG.runSuitesLocally(TestNG.java:1134)
at org.testng.TestNG.runSuites(TestNG.java:1063)
at org.testng.TestNG.run(TestNG.java:1031)
at org.testng.remote.AbstractRemoteTestNG.run(AbstractRemoteTestNG.java:115)
at org.testng.remote.RemoteTestNG.initAndRun(RemoteTestNG.java:251)
at org.testng.remote.RemoteTestNG.main(RemoteTestNG.java:77)
]]>
    </failure>
  </testcase> <!-- validatePlanPriceCurrencyForCountry -->
  <testcase classname="subscription.PlanValidationTest" name="validatePlanPriceCurrencyForCountry" time="3.035">
    <failure type="java.lang.AssertionError" message="The following asserts failed:
	Validated Plan Type for Saudiarabia , Plan lite expected [true] but found [false],
	Validated Price and Plan Type for Saudiarabia , Plan lite Price 15 expected [true] but found [false],
	Validated Currency for Saudiarabia , CurrencySAR expected [true] but found [false],
	Validated Plan Type for Saudiarabia , Plan classic expected [true] but found [false],
	Validated Price and Plan Type for Saudiarabia , Plan classic Price 25 expected [true] but found [false],
	Validated Currency for Saudiarabia , CurrencySAR expected [true] but found [false],
	Validated Plan Type for Saudiarabia , Plan premium expected [true] but found [false],
	Validated Price and Plan Type for Saudiarabia , Plan premium Price 60 expected [true] but found [false],
	Validated Currency for Saudiarabia , CurrencySAR expected [true] but found [false],
	Validated Plan Type for Kuwait , Plan lite expected [true] but found [false],
	Validated Price and Plan Type for Kuwait , Plan lite Price 1.2 expected [true] but found [false],
	Validated Currency for Kuwait , CurrencyKWD expected [true] but found [false],
	Validated Plan Type for Kuwait , Plan classic expected [true] but found [false],
	Validated Price and Plan Type for Kuwait , Plan classic Price 2.5 expected [true] but found [false],
	Validated Currency for Kuwait , CurrencyKWD expected [true] but found [false],
	Validated Plan Type for Kuwait , Plan premium expected [true] but found [false],
	Validated Price and Plan Type for Kuwait , Plan premium Price 4.8 expected [true] but found [false],
	Validated Currency for Kuwait , CurrencyKWD expected [true] but found [false],
	Validated Plan Type for Baharin , Plan lite expected [true] but found [false],
	Validated Price and Plan Type for Baharin , Plan lite Price 2 expected [true] but found [false],
	Validated Currency for Baharin , CurrencyBHD expected [true] but found [false],
	Validated Plan Type for Baharin , Plan classic expected [true] but found [false],
	Validated Price and Plan Type for Baharin , Plan classic Price 3 expected [true] but found [false],
	Validated Currency for Baharin , CurrencyBHD expected [true] but found [false]">
      <![CDATA[java.lang.AssertionError: The following asserts failed:
Validated Plan Type for Saudiarabia , Plan lite expected [true] but found [false],
Validated Price and Plan Type for Saudiarabia , Plan lite Price 15 expected [true] but found [false],
Validated Currency for Saudiarabia , CurrencySAR expected [true] but found [false],
Validated Plan Type for Saudiarabia , Plan classic expected [true] but found [false],
Validated Price and Plan Type for Saudiarabia , Plan classic Price 25 expected [true] but found [false],
Validated Currency for Saudiarabia , CurrencySAR expected [true] but found [false],
Validated Plan Type for Saudiarabia , Plan premium expected [true] but found [false],
Validated Price and Plan Type for Saudiarabia , Plan premium Price 60 expected [true] but found [false],
Validated Currency for Saudiarabia , CurrencySAR expected [true] but found [false],
Validated Plan Type for Kuwait , Plan lite expected [true] but found [false],
Validated Price and Plan Type for Kuwait , Plan lite Price 1.2 expected [true] but found [false],
Validated Currency for Kuwait , CurrencyKWD expected [true] but found [false],
Validated Plan Type for Kuwait , Plan classic expected [true] but found [false],
Validated Price and Plan Type for Kuwait , Plan classic Price 2.5 expected [true] but found [false],
Validated Currency for Kuwait , CurrencyKWD expected [true] but found [false],
Validated Plan Type for Kuwait , Plan premium expected [true] but found [false],
Validated Price and Plan Type for Kuwait , Plan premium Price 4.8 expected [true] but found [false],
Validated Currency for Kuwait , CurrencyKWD expected [true] but found [false],
Validated Plan Type for Baharin , Plan lite expected [true] but found [false],
Validated Price and Plan Type for Baharin , Plan lite Price 2 expected [true] but found [false],
Validated Currency for Baharin , CurrencyBHD expected [true] but found [false],
Validated Plan Type for Baharin , Plan classic expected [true] but found [false],
Validated Price and Plan Type for Baharin , Plan classic Price 3 expected [true] but found [false],
Validated Currency for Baharin , CurrencyBHD expected [true] but found [false]
at org.testng.asserts.SoftAssert.assertAll(SoftAssert.java:47)
at org.testng.asserts.SoftAssert.assertAll(SoftAssert.java:31)
at subscription.PlanValidationTest.validatePlanPriceCurrencyForCountry(PlanValidationTest.java:43)
at java.base/jdk.internal.reflect.NativeMethodAccessorImpl.invoke0(Native Method)
at java.base/jdk.internal.reflect.NativeMethodAccessorImpl.invoke(NativeMethodAccessorImpl.java:77)
at java.base/jdk.internal.reflect.DelegatingMethodAccessorImpl.invoke(DelegatingMethodAccessorImpl.java:43)
at java.base/java.lang.reflect.Method.invoke(Method.java:568)
at org.testng.internal.MethodInvocationHelper.invokeMethod(MethodInvocationHelper.java:133)
at org.testng.internal.TestInvoker.invokeMethod(TestInvoker.java:598)
at org.testng.internal.TestInvoker.invokeTestMethod(TestInvoker.java:173)
at org.testng.internal.MethodRunner.runInSequence(MethodRunner.java:46)
at org.testng.internal.TestInvoker$MethodInvocationAgent.invoke(TestInvoker.java:824)
at org.testng.internal.TestInvoker.invokeTestMethods(TestInvoker.java:146)
at org.testng.internal.TestMethodWorker.invokeTestMethods(TestMethodWorker.java:146)
at org.testng.internal.TestMethodWorker.run(TestMethodWorker.java:128)
at java.base/java.util.ArrayList.forEach(ArrayList.java:1511)
at org.testng.TestRunner.privateRun(TestRunner.java:794)
at org.testng.TestRunner.run(TestRunner.java:596)
at org.testng.SuiteRunner.runTest(SuiteRunner.java:377)
at org.testng.SuiteRunner.runSequentially(SuiteRunner.java:371)
at org.testng.SuiteRunner.privateRun(SuiteRunner.java:332)
at org.testng.SuiteRunner.run(SuiteRunner.java:276)
at org.testng.SuiteRunnerWorker.runSuite(SuiteRunnerWorker.java:53)
at org.testng.SuiteRunnerWorker.run(SuiteRunnerWorker.java:96)
at org.testng.TestNG.runSuitesSequentially(TestNG.java:1212)
at org.testng.TestNG.runSuitesLocally(TestNG.java:1134)
at org.testng.TestNG.runSuites(TestNG.java:1063)
at org.testng.TestNG.run(TestNG.java:1031)
at org.testng.remote.AbstractRemoteTestNG.run(AbstractRemoteTestNG.java:115)
at org.testng.remote.RemoteTestNG.initAndRun(RemoteTestNG.java:251)
at org.testng.remote.RemoteTestNG.main(RemoteTestNG.java:77)
]]>
    </failure>
  </testcase> <!-- validatePlanPriceCurrencyForCountry -->
  <testcase classname="subscription.PlanValidationTest" name="validatePlanPriceCurrencyForCountry" time="3.027">
    <failure type="java.lang.AssertionError" message="The following asserts failed:
	Validated Plan Type for Saudiarabia , Plan lite expected [true] but found [false],
	Validated Price and Plan Type for Saudiarabia , Plan lite Price 15 expected [true] but found [false],
	Validated Currency for Saudiarabia , CurrencySAR expected [true] but found [false],
	Validated Plan Type for Saudiarabia , Plan classic expected [true] but found [false],
	Validated Price and Plan Type for Saudiarabia , Plan classic Price 25 expected [true] but found [false],
	Validated Currency for Saudiarabia , CurrencySAR expected [true] but found [false],
	Validated Plan Type for Saudiarabia , Plan premium expected [true] but found [false],
	Validated Price and Plan Type for Saudiarabia , Plan premium Price 60 expected [true] but found [false],
	Validated Currency for Saudiarabia , CurrencySAR expected [true] but found [false],
	Validated Plan Type for Kuwait , Plan lite expected [true] but found [false],
	Validated Price and Plan Type for Kuwait , Plan lite Price 1.2 expected [true] but found [false],
	Validated Currency for Kuwait , CurrencyKWD expected [true] but found [false],
	Validated Plan Type for Kuwait , Plan classic expected [true] but found [false],
	Validated Price and Plan Type for Kuwait , Plan classic Price 2.5 expected [true] but found [false],
	Validated Currency for Kuwait , CurrencyKWD expected [true] but found [false],
	Validated Plan Type for Kuwait , Plan premium expected [true] but found [false],
	Validated Price and Plan Type for Kuwait , Plan premium Price 4.8 expected [true] but found [false],
	Validated Currency for Kuwait , CurrencyKWD expected [true] but found [false],
	Validated Plan Type for Baharin , Plan lite expected [true] but found [false],
	Validated Price and Plan Type for Baharin , Plan lite Price 2 expected [true] but found [false],
	Validated Currency for Baharin , CurrencyBHD expected [true] but found [false],
	Validated Plan Type for Baharin , Plan classic expected [true] but found [false],
	Validated Price and Plan Type for Baharin , Plan classic Price 3 expected [true] but found [false],
	Validated Currency for Baharin , CurrencyBHD expected [true] but found [false],
	Validated Plan Type for Baharin , Plan premium expected [true] but found [false],
	Validated Price and Plan Type for Baharin , Plan premium Price 6 expected [true] but found [false],
	Validated Currency for Baharin , CurrencyBHD expected [true] but found [false]">
      <![CDATA[java.lang.AssertionError: The following asserts failed:
Validated Plan Type for Saudiarabia , Plan lite expected [true] but found [false],
Validated Price and Plan Type for Saudiarabia , Plan lite Price 15 expected [true] but found [false],
Validated Currency for Saudiarabia , CurrencySAR expected [true] but found [false],
Validated Plan Type for Saudiarabia , Plan classic expected [true] but found [false],
Validated Price and Plan Type for Saudiarabia , Plan classic Price 25 expected [true] but found [false],
Validated Currency for Saudiarabia , CurrencySAR expected [true] but found [false],
Validated Plan Type for Saudiarabia , Plan premium expected [true] but found [false],
Validated Price and Plan Type for Saudiarabia , Plan premium Price 60 expected [true] but found [false],
Validated Currency for Saudiarabia , CurrencySAR expected [true] but found [false],
Validated Plan Type for Kuwait , Plan lite expected [true] but found [false],
Validated Price and Plan Type for Kuwait , Plan lite Price 1.2 expected [true] but found [false],
Validated Currency for Kuwait , CurrencyKWD expected [true] but found [false],
Validated Plan Type for Kuwait , Plan classic expected [true] but found [false],
Validated Price and Plan Type for Kuwait , Plan classic Price 2.5 expected [true] but found [false],
Validated Currency for Kuwait , CurrencyKWD expected [true] but found [false],
Validated Plan Type for Kuwait , Plan premium expected [true] but found [false],
Validated Price and Plan Type for Kuwait , Plan premium Price 4.8 expected [true] but found [false],
Validated Currency for Kuwait , CurrencyKWD expected [true] but found [false],
Validated Plan Type for Baharin , Plan lite expected [true] but found [false],
Validated Price and Plan Type for Baharin , Plan lite Price 2 expected [true] but found [false],
Validated Currency for Baharin , CurrencyBHD expected [true] but found [false],
Validated Plan Type for Baharin , Plan classic expected [true] but found [false],
Validated Price and Plan Type for Baharin , Plan classic Price 3 expected [true] but found [false],
Validated Currency for Baharin , CurrencyBHD expected [true] but found [false],
Validated Plan Type for Baharin , Plan premium expected [true] but found [false],
Validated Price and Plan Type for Baharin , Plan premium Price 6 expected [true] but found [false],
Validated Currency for Baharin , CurrencyBHD expected [true] but found [false]
at org.testng.asserts.SoftAssert.assertAll(SoftAssert.java:47)
at org.testng.asserts.SoftAssert.assertAll(SoftAssert.java:31)
at subscription.PlanValidationTest.validatePlanPriceCurrencyForCountry(PlanValidationTest.java:43)
at java.base/jdk.internal.reflect.NativeMethodAccessorImpl.invoke0(Native Method)
at java.base/jdk.internal.reflect.NativeMethodAccessorImpl.invoke(NativeMethodAccessorImpl.java:77)
at java.base/jdk.internal.reflect.DelegatingMethodAccessorImpl.invoke(DelegatingMethodAccessorImpl.java:43)
at java.base/java.lang.reflect.Method.invoke(Method.java:568)
at org.testng.internal.MethodInvocationHelper.invokeMethod(MethodInvocationHelper.java:133)
at org.testng.internal.TestInvoker.invokeMethod(TestInvoker.java:598)
at org.testng.internal.TestInvoker.invokeTestMethod(TestInvoker.java:173)
at org.testng.internal.MethodRunner.runInSequence(MethodRunner.java:46)
at org.testng.internal.TestInvoker$MethodInvocationAgent.invoke(TestInvoker.java:824)
at org.testng.internal.TestInvoker.invokeTestMethods(TestInvoker.java:146)
at org.testng.internal.TestMethodWorker.invokeTestMethods(TestMethodWorker.java:146)
at org.testng.internal.TestMethodWorker.run(TestMethodWorker.java:128)
at java.base/java.util.ArrayList.forEach(ArrayList.java:1511)
at org.testng.TestRunner.privateRun(TestRunner.java:794)
at org.testng.TestRunner.run(TestRunner.java:596)
at org.testng.SuiteRunner.runTest(SuiteRunner.java:377)
at org.testng.SuiteRunner.runSequentially(SuiteRunner.java:371)
at org.testng.SuiteRunner.privateRun(SuiteRunner.java:332)
at org.testng.SuiteRunner.run(SuiteRunner.java:276)
at org.testng.SuiteRunnerWorker.runSuite(SuiteRunnerWorker.java:53)
at org.testng.SuiteRunnerWorker.run(SuiteRunnerWorker.java:96)
at org.testng.TestNG.runSuitesSequentially(TestNG.java:1212)
at org.testng.TestNG.runSuitesLocally(TestNG.java:1134)
at org.testng.TestNG.runSuites(TestNG.java:1063)
at org.testng.TestNG.run(TestNG.java:1031)
at org.testng.remote.AbstractRemoteTestNG.run(AbstractRemoteTestNG.java:115)
at org.testng.remote.RemoteTestNG.initAndRun(RemoteTestNG.java:251)
at org.testng.remote.RemoteTestNG.main(RemoteTestNG.java:77)
]]>
    </failure>
  </testcase> <!-- validatePlanPriceCurrencyForCountry -->
</testsuite> <!-- Default test -->
