<html>
<head>
<title>TestNG:  Default test</title>
<link href="../testng.css" rel="stylesheet" type="text/css" />
<link href="../my-testng.css" rel="stylesheet" type="text/css" />

<style type="text/css">
.log { display: none;} 
.stack-trace { display: none;} 
</style>
<script type="text/javascript">
<!--
function flip(e) {
  current = e.style.display;
  if (current == 'block') {
    e.style.display = 'none';
    return 0;
  }
  else {
    e.style.display = 'block';
    return 1;
  }
}

function toggleBox(szDivId, elem, msg1, msg2)
{
  var res = -1;  if (document.getElementById) {
    res = flip(document.getElementById(szDivId));
  }
  else if (document.all) {
    // this is the way old msie versions work
    res = flip(document.all[szDivId]);
  }
  if(elem) {
    if(res == 0) elem.innerHTML = msg1; else elem.innerHTML = msg2;
  }

}

function toggleAllBoxes() {
  if (document.getElementsByTagName) {
    d = document.getElementsByTagName('div');
    for (i = 0; i < d.length; i++) {
      if (d[i].className == 'log') {
        flip(d[i]);
      }
    }
  }
}

// -->
</script>

</head>
<body>
<h2 align='center'>Default test</h2><table border='1' align="center">
<tr>
<td>Tests passed/Failed/Skipped:</td><td>0/9/0</td>
</tr><tr>
<td>Started on:</td><td>Wed May 24 17:50:08 IST 2023</td>
</tr>
<tr><td>Total time:</td><td>56 seconds (56924 ms)</td>
</tr><tr>
<td>Included groups:</td><td></td>
</tr><tr>
<td>Excluded groups:</td><td></td>
</tr>
</table><p/>
<small><i>(Hover the method name to see the test class name)</i></small><p/>
<table width='100%' border='1' class='invocation-failed'>
<tr><td colspan='4' align='center'><b>FAILED TESTS</b></td></tr>
<tr><td><b>Test method</b></td>
<td width="30%"><b>Exception</b></td>
<td width="10%"><b>Time (seconds)</b></td>
<td><b>Instance</b></td>
</tr>
<tr>
<td title='subscription.PlanValidationTest.validatePlanPriceCurrencyForCountry()'><b>validatePlanPriceCurrencyForCountry</b><br>Test class: subscription.PlanValidationTest<br>Parameters: Saudiarabia, premium, 60, SAR</td>
<td><div><pre>java.lang.AssertionError: The following asserts failed:
	Validated Plan Type for Saudiarabia , Plan lite expected [true] but found [false],
	Validated Price and Plan Type for Saudiarabia , Plan lite Price 15 expected [true] but found [false],
	Validated Currency for Saudiarabia , CurrencySAR expected [true] but found [false],
	Validated Plan Type for Saudiarabia , Plan classic expected [true] but found [false],
	Validated Price and Plan Type for Saudiarabia , Plan classic Price 25 expected [true] but found [false],
	Validated Currency for Saudiarabia , CurrencySAR expected [true] but found [false],
	Validated Plan Type for Saudiarabia , Plan premium expected [true] but found [false],
	Validated Price and Plan Type for Saudiarabia , Plan premium Price 60 expected [true] but found [false],
	Validated Currency for Saudiarabia , CurrencySAR expected [true] but found [false]
	at org.testng.asserts.SoftAssert.assertAll(SoftAssert.java:47)
	at org.testng.asserts.SoftAssert.assertAll(SoftAssert.java:31)
	at subscription.PlanValidationTest.validatePlanPriceCurrencyForCountry(PlanValidationTest.java:43)
	at java.base/jdk.internal.reflect.NativeMethodAccessorImpl.invoke0(Native Method)
	at java.base/jdk.internal.reflect.NativeMethodAccessorImpl.invoke(NativeMethodAccessorImpl.java:77)
	at java.base/jdk.internal.reflect.DelegatingMethodAccessorImpl.invoke(DelegatingMethodAccessorImpl.java:43)
	at java.base/java.lang.reflect.Method.invoke(Method.java:568)
	at org.testng.internal.MethodInvocationHelper.invokeMethod(MethodInvocationHelper.java:133)
	at org.testng.internal.TestInvoker.invokeMethod(TestInvoker.java:598)
	at org.testng.internal.TestInvoker.invokeTestMethod(TestInvoker.java:173)
	at org.testng.internal.MethodRunner.runInSequence(MethodRunner.java:46)
	at org.testng.internal.TestInvoker$MethodInvocationAgent.invoke(TestInvoker.java:824)
	at org.testng.internal.TestInvoker.invokeTestMethods(TestInvoker.java:146)
	at org.testng.internal.TestMethodWorker.invokeTestMethods(TestMethodWorker.java:146)
	at org.testng.internal.TestMethodWorker.run(TestMethodWorker.java:128)
	at java.base/java.util.ArrayList.forEach(ArrayList.java:1511)
	at org.testng.TestRunner.privateRun(TestRunner.java:794)
	at org.testng.TestRunner.run(TestRunner.java:596)
	at org.testng.SuiteRunner.runTest(SuiteRunner.java:377)
	at org.testng.SuiteRunner.runSequentially(SuiteRunner.java:371)
	at org.testng.SuiteRunner.privateRun(SuiteRunner.java:332)
	at org.testng.SuiteRunner.run(SuiteRunner.java:276)
	at org.testng.SuiteRunnerWorker.runSuite(SuiteRunnerWorker.java:53)
	at org.testng.SuiteRunnerWorker.run(SuiteRunnerWorker.java:96)
	at org.testng.TestNG.runSuitesSequentially(TestNG.java:1212)
	at org.testng.TestNG.runSuitesLocally(TestNG.java:1134)
	at org.testng.TestNG.runSuites(TestNG.java:1063)
	at org.testng.TestNG.run(TestNG.java:1031)
	at org.testng.remote.AbstractRemoteTestNG.run(AbstractRemoteTestNG.java:115)
	at org.testng.remote.RemoteTestNG.initAndRun(RemoteTestNG.java:251)
	at org.testng.remote.RemoteTestNG.main(RemoteTestNG.java:77)
</pre></div><a href='#' onClick='toggleBox("stack-trace118887511", this, "Click to show all stack frames", "Click to hide stack frames")'>Click to show all stack frames</a>
<div class='stack-trace' id='stack-trace118887511'><pre>java.lang.AssertionError: The following asserts failed:
	Validated Plan Type for Saudiarabia , Plan lite expected [true] but found [false],
	Validated Price and Plan Type for Saudiarabia , Plan lite Price 15 expected [true] but found [false],
	Validated Currency for Saudiarabia , CurrencySAR expected [true] but found [false],
	Validated Plan Type for Saudiarabia , Plan classic expected [true] but found [false],
	Validated Price and Plan Type for Saudiarabia , Plan classic Price 25 expected [true] but found [false],
	Validated Currency for Saudiarabia , CurrencySAR expected [true] but found [false],
	Validated Plan Type for Saudiarabia , Plan premium expected [true] but found [false],
	Validated Price and Plan Type for Saudiarabia , Plan premium Price 60 expected [true] but found [false],
	Validated Currency for Saudiarabia , CurrencySAR expected [true] but found [false]
	at org.testng.asserts.SoftAssert.assertAll(SoftAssert.java:47)
	at org.testng.asserts.SoftAssert.assertAll(SoftAssert.java:31)
	at subscription.PlanValidationTest.validatePlanPriceCurrencyForCountry(PlanValidationTest.java:43)
	at java.base/jdk.internal.reflect.NativeMethodAccessorImpl.invoke0(Native Method)
	at java.base/jdk.internal.reflect.NativeMethodAccessorImpl.invoke(NativeMethodAccessorImpl.java:77)
	at java.base/jdk.internal.reflect.DelegatingMethodAccessorImpl.invoke(DelegatingMethodAccessorImpl.java:43)
	at java.base/java.lang.reflect.Method.invoke(Method.java:568)
	at org.testng.internal.MethodInvocationHelper.invokeMethod(MethodInvocationHelper.java:133)
	at org.testng.internal.TestInvoker.invokeMethod(TestInvoker.java:598)
	at org.testng.internal.TestInvoker.invokeTestMethod(TestInvoker.java:173)
	at org.testng.internal.MethodRunner.runInSequence(MethodRunner.java:46)
	at org.testng.internal.TestInvoker$MethodInvocationAgent.invoke(TestInvoker.java:824)
	at org.testng.internal.TestInvoker.invokeTestMethods(TestInvoker.java:146)
	at org.testng.internal.TestMethodWorker.invokeTestMethods(TestMethodWorker.java:146)
	at org.testng.internal.TestMethodWorker.run(TestMethodWorker.java:128)
	at java.base/java.util.ArrayList.forEach(ArrayList.java:1511)
	at org.testng.TestRunner.privateRun(TestRunner.java:794)
	at org.testng.TestRunner.run(TestRunner.java:596)
	at org.testng.SuiteRunner.runTest(SuiteRunner.java:377)
	at org.testng.SuiteRunner.runSequentially(SuiteRunner.java:371)
	at org.testng.SuiteRunner.privateRun(SuiteRunner.java:332)
	at org.testng.SuiteRunner.run(SuiteRunner.java:276)
	at org.testng.SuiteRunnerWorker.runSuite(SuiteRunnerWorker.java:53)
	at org.testng.SuiteRunnerWorker.run(SuiteRunnerWorker.java:96)
	at org.testng.TestNG.runSuitesSequentially(TestNG.java:1212)
	at org.testng.TestNG.runSuitesLocally(TestNG.java:1134)
	at org.testng.TestNG.runSuites(TestNG.java:1063)
	at org.testng.TestNG.run(TestNG.java:1031)
	at org.testng.remote.AbstractRemoteTestNG.run(AbstractRemoteTestNG.java:115)
	at org.testng.remote.RemoteTestNG.initAndRun(RemoteTestNG.java:251)
	at org.testng.remote.RemoteTestNG.main(RemoteTestNG.java:77)
</pre></div></td>
<td>3</td>
<td>subscription.PlanValidationTest@46cdf8bd</td></tr>
<tr>
<td title='subscription.PlanValidationTest.validatePlanPriceCurrencyForCountry()'><b>validatePlanPriceCurrencyForCountry</b><br>Test class: subscription.PlanValidationTest<br>Parameters: Saudiarabia, classic, 25, SAR</td>
<td><div><pre>java.lang.AssertionError: The following asserts failed:
	Validated Plan Type for Saudiarabia , Plan lite expected [true] but found [false],
	Validated Price and Plan Type for Saudiarabia , Plan lite Price 15 expected [true] but found [false],
	Validated Currency for Saudiarabia , CurrencySAR expected [true] but found [false],
	Validated Plan Type for Saudiarabia , Plan classic expected [true] but found [false],
	Validated Price and Plan Type for Saudiarabia , Plan classic Price 25 expected [true] but found [false],
	Validated Currency for Saudiarabia , CurrencySAR expected [true] but found [false]
	at org.testng.asserts.SoftAssert.assertAll(SoftAssert.java:47)
	at org.testng.asserts.SoftAssert.assertAll(SoftAssert.java:31)
	at subscription.PlanValidationTest.validatePlanPriceCurrencyForCountry(PlanValidationTest.java:43)
	at java.base/jdk.internal.reflect.NativeMethodAccessorImpl.invoke0(Native Method)
	at java.base/jdk.internal.reflect.NativeMethodAccessorImpl.invoke(NativeMethodAccessorImpl.java:77)
	at java.base/jdk.internal.reflect.DelegatingMethodAccessorImpl.invoke(DelegatingMethodAccessorImpl.java:43)
	at java.base/java.lang.reflect.Method.invoke(Method.java:568)
	at org.testng.internal.MethodInvocationHelper.invokeMethod(MethodInvocationHelper.java:133)
	at org.testng.internal.TestInvoker.invokeMethod(TestInvoker.java:598)
	at org.testng.internal.TestInvoker.invokeTestMethod(TestInvoker.java:173)
	at org.testng.internal.MethodRunner.runInSequence(MethodRunner.java:46)
	at org.testng.internal.TestInvoker$MethodInvocationAgent.invoke(TestInvoker.java:824)
	at org.testng.internal.TestInvoker.invokeTestMethods(TestInvoker.java:146)
	at org.testng.internal.TestMethodWorker.invokeTestMethods(TestMethodWorker.java:146)
	at org.testng.internal.TestMethodWorker.run(TestMethodWorker.java:128)
	at java.base/java.util.ArrayList.forEach(ArrayList.java:1511)
	at org.testng.TestRunner.privateRun(TestRunner.java:794)
	at org.testng.TestRunner.run(TestRunner.java:596)
	at org.testng.SuiteRunner.runTest(SuiteRunner.java:377)
	at org.testng.SuiteRunner.runSequentially(SuiteRunner.java:371)
	at org.testng.SuiteRunner.privateRun(SuiteRunner.java:332)
	at org.testng.SuiteRunner.run(SuiteRunner.java:276)
	at org.testng.SuiteRunnerWorker.runSuite(SuiteRunnerWorker.java:53)
	at org.testng.SuiteRunnerWorker.run(SuiteRunnerWorker.java:96)
	at org.testng.TestNG.runSuitesSequentially(TestNG.java:1212)
	at org.testng.TestNG.runSuitesLocally(TestNG.java:1134)
	at org.testng.TestNG.runSuites(TestNG.java:1063)
	at org.testng.TestNG.run(TestNG.java:1031)
	at org.testng.remote.AbstractRemoteTestNG.run(AbstractRemoteTestNG.java:115)
	at org.testng.remote.RemoteTestNG.initAndRun(RemoteTestNG.java:251)
	at org.testng.remote.RemoteTestNG.main(RemoteTestNG.java:77)
</pre></div><a href='#' onClick='toggleBox("stack-trace1933493643", this, "Click to show all stack frames", "Click to hide stack frames")'>Click to show all stack frames</a>
<div class='stack-trace' id='stack-trace1933493643'><pre>java.lang.AssertionError: The following asserts failed:
	Validated Plan Type for Saudiarabia , Plan lite expected [true] but found [false],
	Validated Price and Plan Type for Saudiarabia , Plan lite Price 15 expected [true] but found [false],
	Validated Currency for Saudiarabia , CurrencySAR expected [true] but found [false],
	Validated Plan Type for Saudiarabia , Plan classic expected [true] but found [false],
	Validated Price and Plan Type for Saudiarabia , Plan classic Price 25 expected [true] but found [false],
	Validated Currency for Saudiarabia , CurrencySAR expected [true] but found [false]
	at org.testng.asserts.SoftAssert.assertAll(SoftAssert.java:47)
	at org.testng.asserts.SoftAssert.assertAll(SoftAssert.java:31)
	at subscription.PlanValidationTest.validatePlanPriceCurrencyForCountry(PlanValidationTest.java:43)
	at java.base/jdk.internal.reflect.NativeMethodAccessorImpl.invoke0(Native Method)
	at java.base/jdk.internal.reflect.NativeMethodAccessorImpl.invoke(NativeMethodAccessorImpl.java:77)
	at java.base/jdk.internal.reflect.DelegatingMethodAccessorImpl.invoke(DelegatingMethodAccessorImpl.java:43)
	at java.base/java.lang.reflect.Method.invoke(Method.java:568)
	at org.testng.internal.MethodInvocationHelper.invokeMethod(MethodInvocationHelper.java:133)
	at org.testng.internal.TestInvoker.invokeMethod(TestInvoker.java:598)
	at org.testng.internal.TestInvoker.invokeTestMethod(TestInvoker.java:173)
	at org.testng.internal.MethodRunner.runInSequence(MethodRunner.java:46)
	at org.testng.internal.TestInvoker$MethodInvocationAgent.invoke(TestInvoker.java:824)
	at org.testng.internal.TestInvoker.invokeTestMethods(TestInvoker.java:146)
	at org.testng.internal.TestMethodWorker.invokeTestMethods(TestMethodWorker.java:146)
	at org.testng.internal.TestMethodWorker.run(TestMethodWorker.java:128)
	at java.base/java.util.ArrayList.forEach(ArrayList.java:1511)
	at org.testng.TestRunner.privateRun(TestRunner.java:794)
	at org.testng.TestRunner.run(TestRunner.java:596)
	at org.testng.SuiteRunner.runTest(SuiteRunner.java:377)
	at org.testng.SuiteRunner.runSequentially(SuiteRunner.java:371)
	at org.testng.SuiteRunner.privateRun(SuiteRunner.java:332)
	at org.testng.SuiteRunner.run(SuiteRunner.java:276)
	at org.testng.SuiteRunnerWorker.runSuite(SuiteRunnerWorker.java:53)
	at org.testng.SuiteRunnerWorker.run(SuiteRunnerWorker.java:96)
	at org.testng.TestNG.runSuitesSequentially(TestNG.java:1212)
	at org.testng.TestNG.runSuitesLocally(TestNG.java:1134)
	at org.testng.TestNG.runSuites(TestNG.java:1063)
	at org.testng.TestNG.run(TestNG.java:1031)
	at org.testng.remote.AbstractRemoteTestNG.run(AbstractRemoteTestNG.java:115)
	at org.testng.remote.RemoteTestNG.initAndRun(RemoteTestNG.java:251)
	at org.testng.remote.RemoteTestNG.main(RemoteTestNG.java:77)
</pre></div></td>
<td>3</td>
<td>subscription.PlanValidationTest@46cdf8bd</td></tr>
<tr>
<td title='subscription.PlanValidationTest.validatePlanPriceCurrencyForCountry()'><b>validatePlanPriceCurrencyForCountry</b><br>Test class: subscription.PlanValidationTest<br>Parameters: Baharin, premium, 6, BHD</td>
<td><div><pre>java.lang.AssertionError: The following asserts failed:
	Validated Plan Type for Saudiarabia , Plan lite expected [true] but found [false],
	Validated Price and Plan Type for Saudiarabia , Plan lite Price 15 expected [true] but found [false],
	Validated Currency for Saudiarabia , CurrencySAR expected [true] but found [false],
	Validated Plan Type for Saudiarabia , Plan classic expected [true] but found [false],
	Validated Price and Plan Type for Saudiarabia , Plan classic Price 25 expected [true] but found [false],
	Validated Currency for Saudiarabia , CurrencySAR expected [true] but found [false],
	Validated Plan Type for Saudiarabia , Plan premium expected [true] but found [false],
	Validated Price and Plan Type for Saudiarabia , Plan premium Price 60 expected [true] but found [false],
	Validated Currency for Saudiarabia , CurrencySAR expected [true] but found [false],
	Validated Plan Type for Kuwait , Plan lite expected [true] but found [false],
	Validated Price and Plan Type for Kuwait , Plan lite Price 1.2 expected [true] but found [false],
	Validated Currency for Kuwait , CurrencyKWD expected [true] but found [false],
	Validated Plan Type for Kuwait , Plan classic expected [true] but found [false],
	Validated Price and Plan Type for Kuwait , Plan classic Price 2.5 expected [true] but found [false],
	Validated Currency for Kuwait , CurrencyKWD expected [true] but found [false],
	Validated Plan Type for Kuwait , Plan premium expected [true] but found [false],
	Validated Price and Plan Type for Kuwait , Plan premium Price 4.8 expected [true] but found [false],
	Validated Currency for Kuwait , CurrencyKWD expected [true] but found [false],
	Validated Plan Type for Baharin , Plan lite expected [true] but found [false],
	Validated Price and Plan Type for Baharin , Plan lite Price 2 expected [true] but found [false],
	Validated Currency for Baharin , CurrencyBHD expected [true] but found [false],
	Validated Plan Type for Baharin , Plan classic expected [true] but found [false],
	Validated Price and Plan Type for Baharin , Plan classic Price 3 expected [true] but found [false],
	Validated Currency for Baharin , CurrencyBHD expected [true] but found [false],
	Validated Plan Type for Baharin , Plan premium expected [true] but found [false],
	Validated Price and Plan Type for Baharin , Plan premium Price 6 expected [true] but found [false],
	Validated Currency for Baharin , CurrencyBHD expected [true] but found [false]
	at org.testng.asserts.SoftAssert.assertAll(SoftAssert.java:47)
	at org.testng.asserts.SoftAssert.assertAll(SoftAssert.java:31)
	at subscription.PlanValidationTest.validatePlanPriceCurrencyForCountry(PlanValidationTest.java:43)
	at java.base/jdk.internal.reflect.NativeMethodAccessorImpl.invoke0(Native Method)
	at java.base/jdk.internal.reflect.NativeMethodAccessorImpl.invoke(NativeMethodAccessorImpl.java:77)
	at java.base/jdk.internal.reflect.DelegatingMethodAccessorImpl.invoke(DelegatingMethodAccessorImpl.java:43)
	at java.base/java.lang.reflect.Method.invoke(Method.java:568)
	at org.testng.internal.MethodInvocationHelper.invokeMethod(MethodInvocationHelper.java:133)
	at org.testng.internal.TestInvoker.invokeMethod(TestInvoker.java:598)
	at org.testng.internal.TestInvoker.invokeTestMethod(TestInvoker.java:173)
	at org.testng.internal.MethodRunner.runInSequence(MethodRunner.java:46)
	at org.testng.internal.TestInvoker$MethodInvocationAgent.invoke(TestInvoker.java:824)
	at org.testng.internal.TestInvoker.invokeTestMethods(TestInvoker.java:146)
	at org.testng.internal.TestMethodWorker.invokeTestMethods(TestMethodWorker.java:146)
	at org.testng.internal.TestMethodWorker.run(TestMethodWorker.java:128)
	at java.base/java.util.ArrayList.forEach(ArrayList.java:1511)
	at org.testng.TestRunner.privateRun(TestRunner.java:794)
	at org.testng.TestRunner.run(TestRunner.java:596)
	at org.testng.SuiteRunner.runTest(SuiteRunner.java:377)
	at org.testng.SuiteRunner.runSequentially(SuiteRunner.java:371)
	at org.testng.SuiteRunner.privateRun(SuiteRunner.java:332)
	at org.testng.SuiteRunner.run(SuiteRunner.java:276)
	at org.testng.SuiteRunnerWorker.runSuite(SuiteRunnerWorker.java:53)
	at org.testng.SuiteRunnerWorker.run(SuiteRunnerWorker.java:96)
	at org.testng.TestNG.runSuitesSequentially(TestNG.java:1212)
	at org.testng.TestNG.runSuitesLocally(TestNG.java:1134)
	at org.testng.TestNG.runSuites(TestNG.java:1063)
	at org.testng.TestNG.run(TestNG.java:1031)
	at org.testng.remote.AbstractRemoteTestNG.run(AbstractRemoteTestNG.java:115)
	at org.testng.remote.RemoteTestNG.initAndRun(RemoteTestNG.java:251)
	at org.testng.remote.RemoteTestNG.main(RemoteTestNG.java:77)
</pre></div><a href='#' onClick='toggleBox("stack-trace778234583", this, "Click to show all stack frames", "Click to hide stack frames")'>Click to show all stack frames</a>
<div class='stack-trace' id='stack-trace778234583'><pre>java.lang.AssertionError: The following asserts failed:
	Validated Plan Type for Saudiarabia , Plan lite expected [true] but found [false],
	Validated Price and Plan Type for Saudiarabia , Plan lite Price 15 expected [true] but found [false],
	Validated Currency for Saudiarabia , CurrencySAR expected [true] but found [false],
	Validated Plan Type for Saudiarabia , Plan classic expected [true] but found [false],
	Validated Price and Plan Type for Saudiarabia , Plan classic Price 25 expected [true] but found [false],
	Validated Currency for Saudiarabia , CurrencySAR expected [true] but found [false],
	Validated Plan Type for Saudiarabia , Plan premium expected [true] but found [false],
	Validated Price and Plan Type for Saudiarabia , Plan premium Price 60 expected [true] but found [false],
	Validated Currency for Saudiarabia , CurrencySAR expected [true] but found [false],
	Validated Plan Type for Kuwait , Plan lite expected [true] but found [false],
	Validated Price and Plan Type for Kuwait , Plan lite Price 1.2 expected [true] but found [false],
	Validated Currency for Kuwait , CurrencyKWD expected [true] but found [false],
	Validated Plan Type for Kuwait , Plan classic expected [true] but found [false],
	Validated Price and Plan Type for Kuwait , Plan classic Price 2.5 expected [true] but found [false],
	Validated Currency for Kuwait , CurrencyKWD expected [true] but found [false],
	Validated Plan Type for Kuwait , Plan premium expected [true] but found [false],
	Validated Price and Plan Type for Kuwait , Plan premium Price 4.8 expected [true] but found [false],
	Validated Currency for Kuwait , CurrencyKWD expected [true] but found [false],
	Validated Plan Type for Baharin , Plan lite expected [true] but found [false],
	Validated Price and Plan Type for Baharin , Plan lite Price 2 expected [true] but found [false],
	Validated Currency for Baharin , CurrencyBHD expected [true] but found [false],
	Validated Plan Type for Baharin , Plan classic expected [true] but found [false],
	Validated Price and Plan Type for Baharin , Plan classic Price 3 expected [true] but found [false],
	Validated Currency for Baharin , CurrencyBHD expected [true] but found [false],
	Validated Plan Type for Baharin , Plan premium expected [true] but found [false],
	Validated Price and Plan Type for Baharin , Plan premium Price 6 expected [true] but found [false],
	Validated Currency for Baharin , CurrencyBHD expected [true] but found [false]
	at org.testng.asserts.SoftAssert.assertAll(SoftAssert.java:47)
	at org.testng.asserts.SoftAssert.assertAll(SoftAssert.java:31)
	at subscription.PlanValidationTest.validatePlanPriceCurrencyForCountry(PlanValidationTest.java:43)
	at java.base/jdk.internal.reflect.NativeMethodAccessorImpl.invoke0(Native Method)
	at java.base/jdk.internal.reflect.NativeMethodAccessorImpl.invoke(NativeMethodAccessorImpl.java:77)
	at java.base/jdk.internal.reflect.DelegatingMethodAccessorImpl.invoke(DelegatingMethodAccessorImpl.java:43)
	at java.base/java.lang.reflect.Method.invoke(Method.java:568)
	at org.testng.internal.MethodInvocationHelper.invokeMethod(MethodInvocationHelper.java:133)
	at org.testng.internal.TestInvoker.invokeMethod(TestInvoker.java:598)
	at org.testng.internal.TestInvoker.invokeTestMethod(TestInvoker.java:173)
	at org.testng.internal.MethodRunner.runInSequence(MethodRunner.java:46)
	at org.testng.internal.TestInvoker$MethodInvocationAgent.invoke(TestInvoker.java:824)
	at org.testng.internal.TestInvoker.invokeTestMethods(TestInvoker.java:146)
	at org.testng.internal.TestMethodWorker.invokeTestMethods(TestMethodWorker.java:146)
	at org.testng.internal.TestMethodWorker.run(TestMethodWorker.java:128)
	at java.base/java.util.ArrayList.forEach(ArrayList.java:1511)
	at org.testng.TestRunner.privateRun(TestRunner.java:794)
	at org.testng.TestRunner.run(TestRunner.java:596)
	at org.testng.SuiteRunner.runTest(SuiteRunner.java:377)
	at org.testng.SuiteRunner.runSequentially(SuiteRunner.java:371)
	at org.testng.SuiteRunner.privateRun(SuiteRunner.java:332)
	at org.testng.SuiteRunner.run(SuiteRunner.java:276)
	at org.testng.SuiteRunnerWorker.runSuite(SuiteRunnerWorker.java:53)
	at org.testng.SuiteRunnerWorker.run(SuiteRunnerWorker.java:96)
	at org.testng.TestNG.runSuitesSequentially(TestNG.java:1212)
	at org.testng.TestNG.runSuitesLocally(TestNG.java:1134)
	at org.testng.TestNG.runSuites(TestNG.java:1063)
	at org.testng.TestNG.run(TestNG.java:1031)
	at org.testng.remote.AbstractRemoteTestNG.run(AbstractRemoteTestNG.java:115)
	at org.testng.remote.RemoteTestNG.initAndRun(RemoteTestNG.java:251)
	at org.testng.remote.RemoteTestNG.main(RemoteTestNG.java:77)
</pre></div></td>
<td>3</td>
<td>subscription.PlanValidationTest@46cdf8bd</td></tr>
<tr>
<td title='subscription.PlanValidationTest.validatePlanPriceCurrencyForCountry()'><b>validatePlanPriceCurrencyForCountry</b><br>Test class: subscription.PlanValidationTest<br>Parameters: Baharin, lite, 2, BHD</td>
<td><div><pre>java.lang.AssertionError: The following asserts failed:
	Validated Plan Type for Saudiarabia , Plan lite expected [true] but found [false],
	Validated Price and Plan Type for Saudiarabia , Plan lite Price 15 expected [true] but found [false],
	Validated Currency for Saudiarabia , CurrencySAR expected [true] but found [false],
	Validated Plan Type for Saudiarabia , Plan classic expected [true] but found [false],
	Validated Price and Plan Type for Saudiarabia , Plan classic Price 25 expected [true] but found [false],
	Validated Currency for Saudiarabia , CurrencySAR expected [true] but found [false],
	Validated Plan Type for Saudiarabia , Plan premium expected [true] but found [false],
	Validated Price and Plan Type for Saudiarabia , Plan premium Price 60 expected [true] but found [false],
	Validated Currency for Saudiarabia , CurrencySAR expected [true] but found [false],
	Validated Plan Type for Kuwait , Plan lite expected [true] but found [false],
	Validated Price and Plan Type for Kuwait , Plan lite Price 1.2 expected [true] but found [false],
	Validated Currency for Kuwait , CurrencyKWD expected [true] but found [false],
	Validated Plan Type for Kuwait , Plan classic expected [true] but found [false],
	Validated Price and Plan Type for Kuwait , Plan classic Price 2.5 expected [true] but found [false],
	Validated Currency for Kuwait , CurrencyKWD expected [true] but found [false],
	Validated Plan Type for Kuwait , Plan premium expected [true] but found [false],
	Validated Price and Plan Type for Kuwait , Plan premium Price 4.8 expected [true] but found [false],
	Validated Currency for Kuwait , CurrencyKWD expected [true] but found [false],
	Validated Plan Type for Baharin , Plan lite expected [true] but found [false],
	Validated Price and Plan Type for Baharin , Plan lite Price 2 expected [true] but found [false],
	Validated Currency for Baharin , CurrencyBHD expected [true] but found [false]
	at org.testng.asserts.SoftAssert.assertAll(SoftAssert.java:47)
	at org.testng.asserts.SoftAssert.assertAll(SoftAssert.java:31)
	at subscription.PlanValidationTest.validatePlanPriceCurrencyForCountry(PlanValidationTest.java:43)
	at java.base/jdk.internal.reflect.NativeMethodAccessorImpl.invoke0(Native Method)
	at java.base/jdk.internal.reflect.NativeMethodAccessorImpl.invoke(NativeMethodAccessorImpl.java:77)
	at java.base/jdk.internal.reflect.DelegatingMethodAccessorImpl.invoke(DelegatingMethodAccessorImpl.java:43)
	at java.base/java.lang.reflect.Method.invoke(Method.java:568)
	at org.testng.internal.MethodInvocationHelper.invokeMethod(MethodInvocationHelper.java:133)
	at org.testng.internal.TestInvoker.invokeMethod(TestInvoker.java:598)
	at org.testng.internal.TestInvoker.invokeTestMethod(TestInvoker.java:173)
	at org.testng.internal.MethodRunner.runInSequence(MethodRunner.java:46)
	at org.testng.internal.TestInvoker$MethodInvocationAgent.invoke(TestInvoker.java:824)
	at org.testng.internal.TestInvoker.invokeTestMethods(TestInvoker.java:146)
	at org.testng.internal.TestMethodWorker.invokeTestMethods(TestMethodWorker.java:146)
	at org.testng.internal.TestMethodWorker.run(TestMethodWorker.java:128)
	at java.base/java.util.ArrayList.forEach(ArrayList.java:1511)
	at org.testng.TestRunner.privateRun(TestRunner.java:794)
	at org.testng.TestRunner.run(TestRunner.java:596)
	at org.testng.SuiteRunner.runTest(SuiteRunner.java:377)
	at org.testng.SuiteRunner.runSequentially(SuiteRunner.java:371)
	at org.testng.SuiteRunner.privateRun(SuiteRunner.java:332)
	at org.testng.SuiteRunner.run(SuiteRunner.java:276)
	at org.testng.SuiteRunnerWorker.runSuite(SuiteRunnerWorker.java:53)
	at org.testng.SuiteRunnerWorker.run(SuiteRunnerWorker.java:96)
	at org.testng.TestNG.runSuitesSequentially(TestNG.java:1212)
	at org.testng.TestNG.runSuitesLocally(TestNG.java:1134)
	at org.testng.TestNG.runSuites(TestNG.java:1063)
	at org.testng.TestNG.run(TestNG.java:1031)
	at org.testng.remote.AbstractRemoteTestNG.run(AbstractRemoteTestNG.java:115)
	at org.testng.remote.RemoteTestNG.initAndRun(RemoteTestNG.java:251)
	at org.testng.remote.RemoteTestNG.main(RemoteTestNG.java:77)
</pre></div><a href='#' onClick='toggleBox("stack-trace35419258", this, "Click to show all stack frames", "Click to hide stack frames")'>Click to show all stack frames</a>
<div class='stack-trace' id='stack-trace35419258'><pre>java.lang.AssertionError: The following asserts failed:
	Validated Plan Type for Saudiarabia , Plan lite expected [true] but found [false],
	Validated Price and Plan Type for Saudiarabia , Plan lite Price 15 expected [true] but found [false],
	Validated Currency for Saudiarabia , CurrencySAR expected [true] but found [false],
	Validated Plan Type for Saudiarabia , Plan classic expected [true] but found [false],
	Validated Price and Plan Type for Saudiarabia , Plan classic Price 25 expected [true] but found [false],
	Validated Currency for Saudiarabia , CurrencySAR expected [true] but found [false],
	Validated Plan Type for Saudiarabia , Plan premium expected [true] but found [false],
	Validated Price and Plan Type for Saudiarabia , Plan premium Price 60 expected [true] but found [false],
	Validated Currency for Saudiarabia , CurrencySAR expected [true] but found [false],
	Validated Plan Type for Kuwait , Plan lite expected [true] but found [false],
	Validated Price and Plan Type for Kuwait , Plan lite Price 1.2 expected [true] but found [false],
	Validated Currency for Kuwait , CurrencyKWD expected [true] but found [false],
	Validated Plan Type for Kuwait , Plan classic expected [true] but found [false],
	Validated Price and Plan Type for Kuwait , Plan classic Price 2.5 expected [true] but found [false],
	Validated Currency for Kuwait , CurrencyKWD expected [true] but found [false],
	Validated Plan Type for Kuwait , Plan premium expected [true] but found [false],
	Validated Price and Plan Type for Kuwait , Plan premium Price 4.8 expected [true] but found [false],
	Validated Currency for Kuwait , CurrencyKWD expected [true] but found [false],
	Validated Plan Type for Baharin , Plan lite expected [true] but found [false],
	Validated Price and Plan Type for Baharin , Plan lite Price 2 expected [true] but found [false],
	Validated Currency for Baharin , CurrencyBHD expected [true] but found [false]
	at org.testng.asserts.SoftAssert.assertAll(SoftAssert.java:47)
	at org.testng.asserts.SoftAssert.assertAll(SoftAssert.java:31)
	at subscription.PlanValidationTest.validatePlanPriceCurrencyForCountry(PlanValidationTest.java:43)
	at java.base/jdk.internal.reflect.NativeMethodAccessorImpl.invoke0(Native Method)
	at java.base/jdk.internal.reflect.NativeMethodAccessorImpl.invoke(NativeMethodAccessorImpl.java:77)
	at java.base/jdk.internal.reflect.DelegatingMethodAccessorImpl.invoke(DelegatingMethodAccessorImpl.java:43)
	at java.base/java.lang.reflect.Method.invoke(Method.java:568)
	at org.testng.internal.MethodInvocationHelper.invokeMethod(MethodInvocationHelper.java:133)
	at org.testng.internal.TestInvoker.invokeMethod(TestInvoker.java:598)
	at org.testng.internal.TestInvoker.invokeTestMethod(TestInvoker.java:173)
	at org.testng.internal.MethodRunner.runInSequence(MethodRunner.java:46)
	at org.testng.internal.TestInvoker$MethodInvocationAgent.invoke(TestInvoker.java:824)
	at org.testng.internal.TestInvoker.invokeTestMethods(TestInvoker.java:146)
	at org.testng.internal.TestMethodWorker.invokeTestMethods(TestMethodWorker.java:146)
	at org.testng.internal.TestMethodWorker.run(TestMethodWorker.java:128)
	at java.base/java.util.ArrayList.forEach(ArrayList.java:1511)
	at org.testng.TestRunner.privateRun(TestRunner.java:794)
	at org.testng.TestRunner.run(TestRunner.java:596)
	at org.testng.SuiteRunner.runTest(SuiteRunner.java:377)
	at org.testng.SuiteRunner.runSequentially(SuiteRunner.java:371)
	at org.testng.SuiteRunner.privateRun(SuiteRunner.java:332)
	at org.testng.SuiteRunner.run(SuiteRunner.java:276)
	at org.testng.SuiteRunnerWorker.runSuite(SuiteRunnerWorker.java:53)
	at org.testng.SuiteRunnerWorker.run(SuiteRunnerWorker.java:96)
	at org.testng.TestNG.runSuitesSequentially(TestNG.java:1212)
	at org.testng.TestNG.runSuitesLocally(TestNG.java:1134)
	at org.testng.TestNG.runSuites(TestNG.java:1063)
	at org.testng.TestNG.run(TestNG.java:1031)
	at org.testng.remote.AbstractRemoteTestNG.run(AbstractRemoteTestNG.java:115)
	at org.testng.remote.RemoteTestNG.initAndRun(RemoteTestNG.java:251)
	at org.testng.remote.RemoteTestNG.main(RemoteTestNG.java:77)
</pre></div></td>
<td>3</td>
<td>subscription.PlanValidationTest@46cdf8bd</td></tr>
<tr>
<td title='subscription.PlanValidationTest.validatePlanPriceCurrencyForCountry()'><b>validatePlanPriceCurrencyForCountry</b><br>Test class: subscription.PlanValidationTest<br>Parameters: Kuwait, premium, 4.8, KWD</td>
<td><div><pre>java.lang.AssertionError: The following asserts failed:
	Validated Plan Type for Saudiarabia , Plan lite expected [true] but found [false],
	Validated Price and Plan Type for Saudiarabia , Plan lite Price 15 expected [true] but found [false],
	Validated Currency for Saudiarabia , CurrencySAR expected [true] but found [false],
	Validated Plan Type for Saudiarabia , Plan classic expected [true] but found [false],
	Validated Price and Plan Type for Saudiarabia , Plan classic Price 25 expected [true] but found [false],
	Validated Currency for Saudiarabia , CurrencySAR expected [true] but found [false],
	Validated Plan Type for Saudiarabia , Plan premium expected [true] but found [false],
	Validated Price and Plan Type for Saudiarabia , Plan premium Price 60 expected [true] but found [false],
	Validated Currency for Saudiarabia , CurrencySAR expected [true] but found [false],
	Validated Plan Type for Kuwait , Plan lite expected [true] but found [false],
	Validated Price and Plan Type for Kuwait , Plan lite Price 1.2 expected [true] but found [false],
	Validated Currency for Kuwait , CurrencyKWD expected [true] but found [false],
	Validated Plan Type for Kuwait , Plan classic expected [true] but found [false],
	Validated Price and Plan Type for Kuwait , Plan classic Price 2.5 expected [true] but found [false],
	Validated Currency for Kuwait , CurrencyKWD expected [true] but found [false],
	Validated Plan Type for Kuwait , Plan premium expected [true] but found [false],
	Validated Price and Plan Type for Kuwait , Plan premium Price 4.8 expected [true] but found [false],
	Validated Currency for Kuwait , CurrencyKWD expected [true] but found [false]
	at org.testng.asserts.SoftAssert.assertAll(SoftAssert.java:47)
	at org.testng.asserts.SoftAssert.assertAll(SoftAssert.java:31)
	at subscription.PlanValidationTest.validatePlanPriceCurrencyForCountry(PlanValidationTest.java:43)
	at java.base/jdk.internal.reflect.NativeMethodAccessorImpl.invoke0(Native Method)
	at java.base/jdk.internal.reflect.NativeMethodAccessorImpl.invoke(NativeMethodAccessorImpl.java:77)
	at java.base/jdk.internal.reflect.DelegatingMethodAccessorImpl.invoke(DelegatingMethodAccessorImpl.java:43)
	at java.base/java.lang.reflect.Method.invoke(Method.java:568)
	at org.testng.internal.MethodInvocationHelper.invokeMethod(MethodInvocationHelper.java:133)
	at org.testng.internal.TestInvoker.invokeMethod(TestInvoker.java:598)
	at org.testng.internal.TestInvoker.invokeTestMethod(TestInvoker.java:173)
	at org.testng.internal.MethodRunner.runInSequence(MethodRunner.java:46)
	at org.testng.internal.TestInvoker$MethodInvocationAgent.invoke(TestInvoker.java:824)
	at org.testng.internal.TestInvoker.invokeTestMethods(TestInvoker.java:146)
	at org.testng.internal.TestMethodWorker.invokeTestMethods(TestMethodWorker.java:146)
	at org.testng.internal.TestMethodWorker.run(TestMethodWorker.java:128)
	at java.base/java.util.ArrayList.forEach(ArrayList.java:1511)
	at org.testng.TestRunner.privateRun(TestRunner.java:794)
	at org.testng.TestRunner.run(TestRunner.java:596)
	at org.testng.SuiteRunner.runTest(SuiteRunner.java:377)
	at org.testng.SuiteRunner.runSequentially(SuiteRunner.java:371)
	at org.testng.SuiteRunner.privateRun(SuiteRunner.java:332)
	at org.testng.SuiteRunner.run(SuiteRunner.java:276)
	at org.testng.SuiteRunnerWorker.runSuite(SuiteRunnerWorker.java:53)
	at org.testng.SuiteRunnerWorker.run(SuiteRunnerWorker.java:96)
	at org.testng.TestNG.runSuitesSequentially(TestNG.java:1212)
	at org.testng.TestNG.runSuitesLocally(TestNG.java:1134)
	at org.testng.TestNG.runSuites(TestNG.java:1063)
	at org.testng.TestNG.run(TestNG.java:1031)
	at org.testng.remote.AbstractRemoteTestNG.run(AbstractRemoteTestNG.java:115)
	at org.testng.remote.RemoteTestNG.initAndRun(RemoteTestNG.java:251)
	at org.testng.remote.RemoteTestNG.main(RemoteTestNG.java:77)
</pre></div><a href='#' onClick='toggleBox("stack-trace773535564", this, "Click to show all stack frames", "Click to hide stack frames")'>Click to show all stack frames</a>
<div class='stack-trace' id='stack-trace773535564'><pre>java.lang.AssertionError: The following asserts failed:
	Validated Plan Type for Saudiarabia , Plan lite expected [true] but found [false],
	Validated Price and Plan Type for Saudiarabia , Plan lite Price 15 expected [true] but found [false],
	Validated Currency for Saudiarabia , CurrencySAR expected [true] but found [false],
	Validated Plan Type for Saudiarabia , Plan classic expected [true] but found [false],
	Validated Price and Plan Type for Saudiarabia , Plan classic Price 25 expected [true] but found [false],
	Validated Currency for Saudiarabia , CurrencySAR expected [true] but found [false],
	Validated Plan Type for Saudiarabia , Plan premium expected [true] but found [false],
	Validated Price and Plan Type for Saudiarabia , Plan premium Price 60 expected [true] but found [false],
	Validated Currency for Saudiarabia , CurrencySAR expected [true] but found [false],
	Validated Plan Type for Kuwait , Plan lite expected [true] but found [false],
	Validated Price and Plan Type for Kuwait , Plan lite Price 1.2 expected [true] but found [false],
	Validated Currency for Kuwait , CurrencyKWD expected [true] but found [false],
	Validated Plan Type for Kuwait , Plan classic expected [true] but found [false],
	Validated Price and Plan Type for Kuwait , Plan classic Price 2.5 expected [true] but found [false],
	Validated Currency for Kuwait , CurrencyKWD expected [true] but found [false],
	Validated Plan Type for Kuwait , Plan premium expected [true] but found [false],
	Validated Price and Plan Type for Kuwait , Plan premium Price 4.8 expected [true] but found [false],
	Validated Currency for Kuwait , CurrencyKWD expected [true] but found [false]
	at org.testng.asserts.SoftAssert.assertAll(SoftAssert.java:47)
	at org.testng.asserts.SoftAssert.assertAll(SoftAssert.java:31)
	at subscription.PlanValidationTest.validatePlanPriceCurrencyForCountry(PlanValidationTest.java:43)
	at java.base/jdk.internal.reflect.NativeMethodAccessorImpl.invoke0(Native Method)
	at java.base/jdk.internal.reflect.NativeMethodAccessorImpl.invoke(NativeMethodAccessorImpl.java:77)
	at java.base/jdk.internal.reflect.DelegatingMethodAccessorImpl.invoke(DelegatingMethodAccessorImpl.java:43)
	at java.base/java.lang.reflect.Method.invoke(Method.java:568)
	at org.testng.internal.MethodInvocationHelper.invokeMethod(MethodInvocationHelper.java:133)
	at org.testng.internal.TestInvoker.invokeMethod(TestInvoker.java:598)
	at org.testng.internal.TestInvoker.invokeTestMethod(TestInvoker.java:173)
	at org.testng.internal.MethodRunner.runInSequence(MethodRunner.java:46)
	at org.testng.internal.TestInvoker$MethodInvocationAgent.invoke(TestInvoker.java:824)
	at org.testng.internal.TestInvoker.invokeTestMethods(TestInvoker.java:146)
	at org.testng.internal.TestMethodWorker.invokeTestMethods(TestMethodWorker.java:146)
	at org.testng.internal.TestMethodWorker.run(TestMethodWorker.java:128)
	at java.base/java.util.ArrayList.forEach(ArrayList.java:1511)
	at org.testng.TestRunner.privateRun(TestRunner.java:794)
	at org.testng.TestRunner.run(TestRunner.java:596)
	at org.testng.SuiteRunner.runTest(SuiteRunner.java:377)
	at org.testng.SuiteRunner.runSequentially(SuiteRunner.java:371)
	at org.testng.SuiteRunner.privateRun(SuiteRunner.java:332)
	at org.testng.SuiteRunner.run(SuiteRunner.java:276)
	at org.testng.SuiteRunnerWorker.runSuite(SuiteRunnerWorker.java:53)
	at org.testng.SuiteRunnerWorker.run(SuiteRunnerWorker.java:96)
	at org.testng.TestNG.runSuitesSequentially(TestNG.java:1212)
	at org.testng.TestNG.runSuitesLocally(TestNG.java:1134)
	at org.testng.TestNG.runSuites(TestNG.java:1063)
	at org.testng.TestNG.run(TestNG.java:1031)
	at org.testng.remote.AbstractRemoteTestNG.run(AbstractRemoteTestNG.java:115)
	at org.testng.remote.RemoteTestNG.initAndRun(RemoteTestNG.java:251)
	at org.testng.remote.RemoteTestNG.main(RemoteTestNG.java:77)
</pre></div></td>
<td>3</td>
<td>subscription.PlanValidationTest@46cdf8bd</td></tr>
<tr>
<td title='subscription.PlanValidationTest.validatePlanPriceCurrencyForCountry()'><b>validatePlanPriceCurrencyForCountry</b><br>Test class: subscription.PlanValidationTest<br>Parameters: Saudiarabia, lite, 15, SAR</td>
<td><div><pre>java.lang.AssertionError: The following asserts failed:
	Validated Plan Type for Saudiarabia , Plan lite expected [true] but found [false],
	Validated Price and Plan Type for Saudiarabia , Plan lite Price 15 expected [true] but found [false],
	Validated Currency for Saudiarabia , CurrencySAR expected [true] but found [false]
	at org.testng.asserts.SoftAssert.assertAll(SoftAssert.java:47)
	at org.testng.asserts.SoftAssert.assertAll(SoftAssert.java:31)
	at subscription.PlanValidationTest.validatePlanPriceCurrencyForCountry(PlanValidationTest.java:43)
	at java.base/jdk.internal.reflect.NativeMethodAccessorImpl.invoke0(Native Method)
	at java.base/jdk.internal.reflect.NativeMethodAccessorImpl.invoke(NativeMethodAccessorImpl.java:77)
	at java.base/jdk.internal.reflect.DelegatingMethodAccessorImpl.invoke(DelegatingMethodAccessorImpl.java:43)
	at java.base/java.lang.reflect.Method.invoke(Method.java:568)
	at org.testng.internal.MethodInvocationHelper.invokeMethod(MethodInvocationHelper.java:133)
	at org.testng.internal.TestInvoker.invokeMethod(TestInvoker.java:598)
	at org.testng.internal.TestInvoker.invokeTestMethod(TestInvoker.java:173)
	at org.testng.internal.MethodRunner.runInSequence(MethodRunner.java:46)
	at org.testng.internal.TestInvoker$MethodInvocationAgent.invoke(TestInvoker.java:824)
	at org.testng.internal.TestInvoker.invokeTestMethods(TestInvoker.java:146)
	at org.testng.internal.TestMethodWorker.invokeTestMethods(TestMethodWorker.java:146)
	at org.testng.internal.TestMethodWorker.run(TestMethodWorker.java:128)
	at java.base/java.util.ArrayList.forEach(ArrayList.java:1511)
	at org.testng.TestRunner.privateRun(TestRunner.java:794)
	at org.testng.TestRunner.run(TestRunner.java:596)
	at org.testng.SuiteRunner.runTest(SuiteRunner.java:377)
	at org.testng.SuiteRunner.runSequentially(SuiteRunner.java:371)
	at org.testng.SuiteRunner.privateRun(SuiteRunner.java:332)
	at org.testng.SuiteRunner.run(SuiteRunner.java:276)
	at org.testng.SuiteRunnerWorker.runSuite(SuiteRunnerWorker.java:53)
	at org.testng.SuiteRunnerWorker.run(SuiteRunnerWorker.java:96)
	at org.testng.TestNG.runSuitesSequentially(TestNG.java:1212)
	at org.testng.TestNG.runSuitesLocally(TestNG.java:1134)
	at org.testng.TestNG.runSuites(TestNG.java:1063)
	at org.testng.TestNG.run(TestNG.java:1031)
	at org.testng.remote.AbstractRemoteTestNG.run(AbstractRemoteTestNG.java:115)
	at org.testng.remote.RemoteTestNG.initAndRun(RemoteTestNG.java:251)
	at org.testng.remote.RemoteTestNG.main(RemoteTestNG.java:77)
</pre></div><a href='#' onClick='toggleBox("stack-trace222927891", this, "Click to show all stack frames", "Click to hide stack frames")'>Click to show all stack frames</a>
<div class='stack-trace' id='stack-trace222927891'><pre>java.lang.AssertionError: The following asserts failed:
	Validated Plan Type for Saudiarabia , Plan lite expected [true] but found [false],
	Validated Price and Plan Type for Saudiarabia , Plan lite Price 15 expected [true] but found [false],
	Validated Currency for Saudiarabia , CurrencySAR expected [true] but found [false]
	at org.testng.asserts.SoftAssert.assertAll(SoftAssert.java:47)
	at org.testng.asserts.SoftAssert.assertAll(SoftAssert.java:31)
	at subscription.PlanValidationTest.validatePlanPriceCurrencyForCountry(PlanValidationTest.java:43)
	at java.base/jdk.internal.reflect.NativeMethodAccessorImpl.invoke0(Native Method)
	at java.base/jdk.internal.reflect.NativeMethodAccessorImpl.invoke(NativeMethodAccessorImpl.java:77)
	at java.base/jdk.internal.reflect.DelegatingMethodAccessorImpl.invoke(DelegatingMethodAccessorImpl.java:43)
	at java.base/java.lang.reflect.Method.invoke(Method.java:568)
	at org.testng.internal.MethodInvocationHelper.invokeMethod(MethodInvocationHelper.java:133)
	at org.testng.internal.TestInvoker.invokeMethod(TestInvoker.java:598)
	at org.testng.internal.TestInvoker.invokeTestMethod(TestInvoker.java:173)
	at org.testng.internal.MethodRunner.runInSequence(MethodRunner.java:46)
	at org.testng.internal.TestInvoker$MethodInvocationAgent.invoke(TestInvoker.java:824)
	at org.testng.internal.TestInvoker.invokeTestMethods(TestInvoker.java:146)
	at org.testng.internal.TestMethodWorker.invokeTestMethods(TestMethodWorker.java:146)
	at org.testng.internal.TestMethodWorker.run(TestMethodWorker.java:128)
	at java.base/java.util.ArrayList.forEach(ArrayList.java:1511)
	at org.testng.TestRunner.privateRun(TestRunner.java:794)
	at org.testng.TestRunner.run(TestRunner.java:596)
	at org.testng.SuiteRunner.runTest(SuiteRunner.java:377)
	at org.testng.SuiteRunner.runSequentially(SuiteRunner.java:371)
	at org.testng.SuiteRunner.privateRun(SuiteRunner.java:332)
	at org.testng.SuiteRunner.run(SuiteRunner.java:276)
	at org.testng.SuiteRunnerWorker.runSuite(SuiteRunnerWorker.java:53)
	at org.testng.SuiteRunnerWorker.run(SuiteRunnerWorker.java:96)
	at org.testng.TestNG.runSuitesSequentially(TestNG.java:1212)
	at org.testng.TestNG.runSuitesLocally(TestNG.java:1134)
	at org.testng.TestNG.runSuites(TestNG.java:1063)
	at org.testng.TestNG.run(TestNG.java:1031)
	at org.testng.remote.AbstractRemoteTestNG.run(AbstractRemoteTestNG.java:115)
	at org.testng.remote.RemoteTestNG.initAndRun(RemoteTestNG.java:251)
	at org.testng.remote.RemoteTestNG.main(RemoteTestNG.java:77)
</pre></div></td>
<td>3</td>
<td>subscription.PlanValidationTest@46cdf8bd</td></tr>
<tr>
<td title='subscription.PlanValidationTest.validatePlanPriceCurrencyForCountry()'><b>validatePlanPriceCurrencyForCountry</b><br>Test class: subscription.PlanValidationTest<br>Parameters: Kuwait, classic, 2.5, KWD</td>
<td><div><pre>java.lang.AssertionError: The following asserts failed:
	Validated Plan Type for Saudiarabia , Plan lite expected [true] but found [false],
	Validated Price and Plan Type for Saudiarabia , Plan lite Price 15 expected [true] but found [false],
	Validated Currency for Saudiarabia , CurrencySAR expected [true] but found [false],
	Validated Plan Type for Saudiarabia , Plan classic expected [true] but found [false],
	Validated Price and Plan Type for Saudiarabia , Plan classic Price 25 expected [true] but found [false],
	Validated Currency for Saudiarabia , CurrencySAR expected [true] but found [false],
	Validated Plan Type for Saudiarabia , Plan premium expected [true] but found [false],
	Validated Price and Plan Type for Saudiarabia , Plan premium Price 60 expected [true] but found [false],
	Validated Currency for Saudiarabia , CurrencySAR expected [true] but found [false],
	Validated Plan Type for Kuwait , Plan lite expected [true] but found [false],
	Validated Price and Plan Type for Kuwait , Plan lite Price 1.2 expected [true] but found [false],
	Validated Currency for Kuwait , CurrencyKWD expected [true] but found [false],
	Validated Plan Type for Kuwait , Plan classic expected [true] but found [false],
	Validated Price and Plan Type for Kuwait , Plan classic Price 2.5 expected [true] but found [false],
	Validated Currency for Kuwait , CurrencyKWD expected [true] but found [false]
	at org.testng.asserts.SoftAssert.assertAll(SoftAssert.java:47)
	at org.testng.asserts.SoftAssert.assertAll(SoftAssert.java:31)
	at subscription.PlanValidationTest.validatePlanPriceCurrencyForCountry(PlanValidationTest.java:43)
	at java.base/jdk.internal.reflect.NativeMethodAccessorImpl.invoke0(Native Method)
	at java.base/jdk.internal.reflect.NativeMethodAccessorImpl.invoke(NativeMethodAccessorImpl.java:77)
	at java.base/jdk.internal.reflect.DelegatingMethodAccessorImpl.invoke(DelegatingMethodAccessorImpl.java:43)
	at java.base/java.lang.reflect.Method.invoke(Method.java:568)
	at org.testng.internal.MethodInvocationHelper.invokeMethod(MethodInvocationHelper.java:133)
	at org.testng.internal.TestInvoker.invokeMethod(TestInvoker.java:598)
	at org.testng.internal.TestInvoker.invokeTestMethod(TestInvoker.java:173)
	at org.testng.internal.MethodRunner.runInSequence(MethodRunner.java:46)
	at org.testng.internal.TestInvoker$MethodInvocationAgent.invoke(TestInvoker.java:824)
	at org.testng.internal.TestInvoker.invokeTestMethods(TestInvoker.java:146)
	at org.testng.internal.TestMethodWorker.invokeTestMethods(TestMethodWorker.java:146)
	at org.testng.internal.TestMethodWorker.run(TestMethodWorker.java:128)
	at java.base/java.util.ArrayList.forEach(ArrayList.java:1511)
	at org.testng.TestRunner.privateRun(TestRunner.java:794)
	at org.testng.TestRunner.run(TestRunner.java:596)
	at org.testng.SuiteRunner.runTest(SuiteRunner.java:377)
	at org.testng.SuiteRunner.runSequentially(SuiteRunner.java:371)
	at org.testng.SuiteRunner.privateRun(SuiteRunner.java:332)
	at org.testng.SuiteRunner.run(SuiteRunner.java:276)
	at org.testng.SuiteRunnerWorker.runSuite(SuiteRunnerWorker.java:53)
	at org.testng.SuiteRunnerWorker.run(SuiteRunnerWorker.java:96)
	at org.testng.TestNG.runSuitesSequentially(TestNG.java:1212)
	at org.testng.TestNG.runSuitesLocally(TestNG.java:1134)
	at org.testng.TestNG.runSuites(TestNG.java:1063)
	at org.testng.TestNG.run(TestNG.java:1031)
	at org.testng.remote.AbstractRemoteTestNG.run(AbstractRemoteTestNG.java:115)
	at org.testng.remote.RemoteTestNG.initAndRun(RemoteTestNG.java:251)
	at org.testng.remote.RemoteTestNG.main(RemoteTestNG.java:77)
</pre></div><a href='#' onClick='toggleBox("stack-trace1260308116", this, "Click to show all stack frames", "Click to hide stack frames")'>Click to show all stack frames</a>
<div class='stack-trace' id='stack-trace1260308116'><pre>java.lang.AssertionError: The following asserts failed:
	Validated Plan Type for Saudiarabia , Plan lite expected [true] but found [false],
	Validated Price and Plan Type for Saudiarabia , Plan lite Price 15 expected [true] but found [false],
	Validated Currency for Saudiarabia , CurrencySAR expected [true] but found [false],
	Validated Plan Type for Saudiarabia , Plan classic expected [true] but found [false],
	Validated Price and Plan Type for Saudiarabia , Plan classic Price 25 expected [true] but found [false],
	Validated Currency for Saudiarabia , CurrencySAR expected [true] but found [false],
	Validated Plan Type for Saudiarabia , Plan premium expected [true] but found [false],
	Validated Price and Plan Type for Saudiarabia , Plan premium Price 60 expected [true] but found [false],
	Validated Currency for Saudiarabia , CurrencySAR expected [true] but found [false],
	Validated Plan Type for Kuwait , Plan lite expected [true] but found [false],
	Validated Price and Plan Type for Kuwait , Plan lite Price 1.2 expected [true] but found [false],
	Validated Currency for Kuwait , CurrencyKWD expected [true] but found [false],
	Validated Plan Type for Kuwait , Plan classic expected [true] but found [false],
	Validated Price and Plan Type for Kuwait , Plan classic Price 2.5 expected [true] but found [false],
	Validated Currency for Kuwait , CurrencyKWD expected [true] but found [false]
	at org.testng.asserts.SoftAssert.assertAll(SoftAssert.java:47)
	at org.testng.asserts.SoftAssert.assertAll(SoftAssert.java:31)
	at subscription.PlanValidationTest.validatePlanPriceCurrencyForCountry(PlanValidationTest.java:43)
	at java.base/jdk.internal.reflect.NativeMethodAccessorImpl.invoke0(Native Method)
	at java.base/jdk.internal.reflect.NativeMethodAccessorImpl.invoke(NativeMethodAccessorImpl.java:77)
	at java.base/jdk.internal.reflect.DelegatingMethodAccessorImpl.invoke(DelegatingMethodAccessorImpl.java:43)
	at java.base/java.lang.reflect.Method.invoke(Method.java:568)
	at org.testng.internal.MethodInvocationHelper.invokeMethod(MethodInvocationHelper.java:133)
	at org.testng.internal.TestInvoker.invokeMethod(TestInvoker.java:598)
	at org.testng.internal.TestInvoker.invokeTestMethod(TestInvoker.java:173)
	at org.testng.internal.MethodRunner.runInSequence(MethodRunner.java:46)
	at org.testng.internal.TestInvoker$MethodInvocationAgent.invoke(TestInvoker.java:824)
	at org.testng.internal.TestInvoker.invokeTestMethods(TestInvoker.java:146)
	at org.testng.internal.TestMethodWorker.invokeTestMethods(TestMethodWorker.java:146)
	at org.testng.internal.TestMethodWorker.run(TestMethodWorker.java:128)
	at java.base/java.util.ArrayList.forEach(ArrayList.java:1511)
	at org.testng.TestRunner.privateRun(TestRunner.java:794)
	at org.testng.TestRunner.run(TestRunner.java:596)
	at org.testng.SuiteRunner.runTest(SuiteRunner.java:377)
	at org.testng.SuiteRunner.runSequentially(SuiteRunner.java:371)
	at org.testng.SuiteRunner.privateRun(SuiteRunner.java:332)
	at org.testng.SuiteRunner.run(SuiteRunner.java:276)
	at org.testng.SuiteRunnerWorker.runSuite(SuiteRunnerWorker.java:53)
	at org.testng.SuiteRunnerWorker.run(SuiteRunnerWorker.java:96)
	at org.testng.TestNG.runSuitesSequentially(TestNG.java:1212)
	at org.testng.TestNG.runSuitesLocally(TestNG.java:1134)
	at org.testng.TestNG.runSuites(TestNG.java:1063)
	at org.testng.TestNG.run(TestNG.java:1031)
	at org.testng.remote.AbstractRemoteTestNG.run(AbstractRemoteTestNG.java:115)
	at org.testng.remote.RemoteTestNG.initAndRun(RemoteTestNG.java:251)
	at org.testng.remote.RemoteTestNG.main(RemoteTestNG.java:77)
</pre></div></td>
<td>3</td>
<td>subscription.PlanValidationTest@46cdf8bd</td></tr>
<tr>
<td title='subscription.PlanValidationTest.validatePlanPriceCurrencyForCountry()'><b>validatePlanPriceCurrencyForCountry</b><br>Test class: subscription.PlanValidationTest<br>Parameters: Baharin, classic, 3, BHD</td>
<td><div><pre>java.lang.AssertionError: The following asserts failed:
	Validated Plan Type for Saudiarabia , Plan lite expected [true] but found [false],
	Validated Price and Plan Type for Saudiarabia , Plan lite Price 15 expected [true] but found [false],
	Validated Currency for Saudiarabia , CurrencySAR expected [true] but found [false],
	Validated Plan Type for Saudiarabia , Plan classic expected [true] but found [false],
	Validated Price and Plan Type for Saudiarabia , Plan classic Price 25 expected [true] but found [false],
	Validated Currency for Saudiarabia , CurrencySAR expected [true] but found [false],
	Validated Plan Type for Saudiarabia , Plan premium expected [true] but found [false],
	Validated Price and Plan Type for Saudiarabia , Plan premium Price 60 expected [true] but found [false],
	Validated Currency for Saudiarabia , CurrencySAR expected [true] but found [false],
	Validated Plan Type for Kuwait , Plan lite expected [true] but found [false],
	Validated Price and Plan Type for Kuwait , Plan lite Price 1.2 expected [true] but found [false],
	Validated Currency for Kuwait , CurrencyKWD expected [true] but found [false],
	Validated Plan Type for Kuwait , Plan classic expected [true] but found [false],
	Validated Price and Plan Type for Kuwait , Plan classic Price 2.5 expected [true] but found [false],
	Validated Currency for Kuwait , CurrencyKWD expected [true] but found [false],
	Validated Plan Type for Kuwait , Plan premium expected [true] but found [false],
	Validated Price and Plan Type for Kuwait , Plan premium Price 4.8 expected [true] but found [false],
	Validated Currency for Kuwait , CurrencyKWD expected [true] but found [false],
	Validated Plan Type for Baharin , Plan lite expected [true] but found [false],
	Validated Price and Plan Type for Baharin , Plan lite Price 2 expected [true] but found [false],
	Validated Currency for Baharin , CurrencyBHD expected [true] but found [false],
	Validated Plan Type for Baharin , Plan classic expected [true] but found [false],
	Validated Price and Plan Type for Baharin , Plan classic Price 3 expected [true] but found [false],
	Validated Currency for Baharin , CurrencyBHD expected [true] but found [false]
	at org.testng.asserts.SoftAssert.assertAll(SoftAssert.java:47)
	at org.testng.asserts.SoftAssert.assertAll(SoftAssert.java:31)
	at subscription.PlanValidationTest.validatePlanPriceCurrencyForCountry(PlanValidationTest.java:43)
	at java.base/jdk.internal.reflect.NativeMethodAccessorImpl.invoke0(Native Method)
	at java.base/jdk.internal.reflect.NativeMethodAccessorImpl.invoke(NativeMethodAccessorImpl.java:77)
	at java.base/jdk.internal.reflect.DelegatingMethodAccessorImpl.invoke(DelegatingMethodAccessorImpl.java:43)
	at java.base/java.lang.reflect.Method.invoke(Method.java:568)
	at org.testng.internal.MethodInvocationHelper.invokeMethod(MethodInvocationHelper.java:133)
	at org.testng.internal.TestInvoker.invokeMethod(TestInvoker.java:598)
	at org.testng.internal.TestInvoker.invokeTestMethod(TestInvoker.java:173)
	at org.testng.internal.MethodRunner.runInSequence(MethodRunner.java:46)
	at org.testng.internal.TestInvoker$MethodInvocationAgent.invoke(TestInvoker.java:824)
	at org.testng.internal.TestInvoker.invokeTestMethods(TestInvoker.java:146)
	at org.testng.internal.TestMethodWorker.invokeTestMethods(TestMethodWorker.java:146)
	at org.testng.internal.TestMethodWorker.run(TestMethodWorker.java:128)
	at java.base/java.util.ArrayList.forEach(ArrayList.java:1511)
	at org.testng.TestRunner.privateRun(TestRunner.java:794)
	at org.testng.TestRunner.run(TestRunner.java:596)
	at org.testng.SuiteRunner.runTest(SuiteRunner.java:377)
	at org.testng.SuiteRunner.runSequentially(SuiteRunner.java:371)
	at org.testng.SuiteRunner.privateRun(SuiteRunner.java:332)
	at org.testng.SuiteRunner.run(SuiteRunner.java:276)
	at org.testng.SuiteRunnerWorker.runSuite(SuiteRunnerWorker.java:53)
	at org.testng.SuiteRunnerWorker.run(SuiteRunnerWorker.java:96)
	at org.testng.TestNG.runSuitesSequentially(TestNG.java:1212)
	at org.testng.TestNG.runSuitesLocally(TestNG.java:1134)
	at org.testng.TestNG.runSuites(TestNG.java:1063)
	at org.testng.TestNG.run(TestNG.java:1031)
	at org.testng.remote.AbstractRemoteTestNG.run(AbstractRemoteTestNG.java:115)
	at org.testng.remote.RemoteTestNG.initAndRun(RemoteTestNG.java:251)
	at org.testng.remote.RemoteTestNG.main(RemoteTestNG.java:77)
</pre></div><a href='#' onClick='toggleBox("stack-trace141388791", this, "Click to show all stack frames", "Click to hide stack frames")'>Click to show all stack frames</a>
<div class='stack-trace' id='stack-trace141388791'><pre>java.lang.AssertionError: The following asserts failed:
	Validated Plan Type for Saudiarabia , Plan lite expected [true] but found [false],
	Validated Price and Plan Type for Saudiarabia , Plan lite Price 15 expected [true] but found [false],
	Validated Currency for Saudiarabia , CurrencySAR expected [true] but found [false],
	Validated Plan Type for Saudiarabia , Plan classic expected [true] but found [false],
	Validated Price and Plan Type for Saudiarabia , Plan classic Price 25 expected [true] but found [false],
	Validated Currency for Saudiarabia , CurrencySAR expected [true] but found [false],
	Validated Plan Type for Saudiarabia , Plan premium expected [true] but found [false],
	Validated Price and Plan Type for Saudiarabia , Plan premium Price 60 expected [true] but found [false],
	Validated Currency for Saudiarabia , CurrencySAR expected [true] but found [false],
	Validated Plan Type for Kuwait , Plan lite expected [true] but found [false],
	Validated Price and Plan Type for Kuwait , Plan lite Price 1.2 expected [true] but found [false],
	Validated Currency for Kuwait , CurrencyKWD expected [true] but found [false],
	Validated Plan Type for Kuwait , Plan classic expected [true] but found [false],
	Validated Price and Plan Type for Kuwait , Plan classic Price 2.5 expected [true] but found [false],
	Validated Currency for Kuwait , CurrencyKWD expected [true] but found [false],
	Validated Plan Type for Kuwait , Plan premium expected [true] but found [false],
	Validated Price and Plan Type for Kuwait , Plan premium Price 4.8 expected [true] but found [false],
	Validated Currency for Kuwait , CurrencyKWD expected [true] but found [false],
	Validated Plan Type for Baharin , Plan lite expected [true] but found [false],
	Validated Price and Plan Type for Baharin , Plan lite Price 2 expected [true] but found [false],
	Validated Currency for Baharin , CurrencyBHD expected [true] but found [false],
	Validated Plan Type for Baharin , Plan classic expected [true] but found [false],
	Validated Price and Plan Type for Baharin , Plan classic Price 3 expected [true] but found [false],
	Validated Currency for Baharin , CurrencyBHD expected [true] but found [false]
	at org.testng.asserts.SoftAssert.assertAll(SoftAssert.java:47)
	at org.testng.asserts.SoftAssert.assertAll(SoftAssert.java:31)
	at subscription.PlanValidationTest.validatePlanPriceCurrencyForCountry(PlanValidationTest.java:43)
	at java.base/jdk.internal.reflect.NativeMethodAccessorImpl.invoke0(Native Method)
	at java.base/jdk.internal.reflect.NativeMethodAccessorImpl.invoke(NativeMethodAccessorImpl.java:77)
	at java.base/jdk.internal.reflect.DelegatingMethodAccessorImpl.invoke(DelegatingMethodAccessorImpl.java:43)
	at java.base/java.lang.reflect.Method.invoke(Method.java:568)
	at org.testng.internal.MethodInvocationHelper.invokeMethod(MethodInvocationHelper.java:133)
	at org.testng.internal.TestInvoker.invokeMethod(TestInvoker.java:598)
	at org.testng.internal.TestInvoker.invokeTestMethod(TestInvoker.java:173)
	at org.testng.internal.MethodRunner.runInSequence(MethodRunner.java:46)
	at org.testng.internal.TestInvoker$MethodInvocationAgent.invoke(TestInvoker.java:824)
	at org.testng.internal.TestInvoker.invokeTestMethods(TestInvoker.java:146)
	at org.testng.internal.TestMethodWorker.invokeTestMethods(TestMethodWorker.java:146)
	at org.testng.internal.TestMethodWorker.run(TestMethodWorker.java:128)
	at java.base/java.util.ArrayList.forEach(ArrayList.java:1511)
	at org.testng.TestRunner.privateRun(TestRunner.java:794)
	at org.testng.TestRunner.run(TestRunner.java:596)
	at org.testng.SuiteRunner.runTest(SuiteRunner.java:377)
	at org.testng.SuiteRunner.runSequentially(SuiteRunner.java:371)
	at org.testng.SuiteRunner.privateRun(SuiteRunner.java:332)
	at org.testng.SuiteRunner.run(SuiteRunner.java:276)
	at org.testng.SuiteRunnerWorker.runSuite(SuiteRunnerWorker.java:53)
	at org.testng.SuiteRunnerWorker.run(SuiteRunnerWorker.java:96)
	at org.testng.TestNG.runSuitesSequentially(TestNG.java:1212)
	at org.testng.TestNG.runSuitesLocally(TestNG.java:1134)
	at org.testng.TestNG.runSuites(TestNG.java:1063)
	at org.testng.TestNG.run(TestNG.java:1031)
	at org.testng.remote.AbstractRemoteTestNG.run(AbstractRemoteTestNG.java:115)
	at org.testng.remote.RemoteTestNG.initAndRun(RemoteTestNG.java:251)
	at org.testng.remote.RemoteTestNG.main(RemoteTestNG.java:77)
</pre></div></td>
<td>3</td>
<td>subscription.PlanValidationTest@46cdf8bd</td></tr>
<tr>
<td title='subscription.PlanValidationTest.validatePlanPriceCurrencyForCountry()'><b>validatePlanPriceCurrencyForCountry</b><br>Test class: subscription.PlanValidationTest<br>Parameters: Kuwait, lite, 1.2, KWD</td>
<td><div><pre>java.lang.AssertionError: The following asserts failed:
	Validated Plan Type for Saudiarabia , Plan lite expected [true] but found [false],
	Validated Price and Plan Type for Saudiarabia , Plan lite Price 15 expected [true] but found [false],
	Validated Currency for Saudiarabia , CurrencySAR expected [true] but found [false],
	Validated Plan Type for Saudiarabia , Plan classic expected [true] but found [false],
	Validated Price and Plan Type for Saudiarabia , Plan classic Price 25 expected [true] but found [false],
	Validated Currency for Saudiarabia , CurrencySAR expected [true] but found [false],
	Validated Plan Type for Saudiarabia , Plan premium expected [true] but found [false],
	Validated Price and Plan Type for Saudiarabia , Plan premium Price 60 expected [true] but found [false],
	Validated Currency for Saudiarabia , CurrencySAR expected [true] but found [false],
	Validated Plan Type for Kuwait , Plan lite expected [true] but found [false],
	Validated Price and Plan Type for Kuwait , Plan lite Price 1.2 expected [true] but found [false],
	Validated Currency for Kuwait , CurrencyKWD expected [true] but found [false]
	at org.testng.asserts.SoftAssert.assertAll(SoftAssert.java:47)
	at org.testng.asserts.SoftAssert.assertAll(SoftAssert.java:31)
	at subscription.PlanValidationTest.validatePlanPriceCurrencyForCountry(PlanValidationTest.java:43)
	at java.base/jdk.internal.reflect.NativeMethodAccessorImpl.invoke0(Native Method)
	at java.base/jdk.internal.reflect.NativeMethodAccessorImpl.invoke(NativeMethodAccessorImpl.java:77)
	at java.base/jdk.internal.reflect.DelegatingMethodAccessorImpl.invoke(DelegatingMethodAccessorImpl.java:43)
	at java.base/java.lang.reflect.Method.invoke(Method.java:568)
	at org.testng.internal.MethodInvocationHelper.invokeMethod(MethodInvocationHelper.java:133)
	at org.testng.internal.TestInvoker.invokeMethod(TestInvoker.java:598)
	at org.testng.internal.TestInvoker.invokeTestMethod(TestInvoker.java:173)
	at org.testng.internal.MethodRunner.runInSequence(MethodRunner.java:46)
	at org.testng.internal.TestInvoker$MethodInvocationAgent.invoke(TestInvoker.java:824)
	at org.testng.internal.TestInvoker.invokeTestMethods(TestInvoker.java:146)
	at org.testng.internal.TestMethodWorker.invokeTestMethods(TestMethodWorker.java:146)
	at org.testng.internal.TestMethodWorker.run(TestMethodWorker.java:128)
	at java.base/java.util.ArrayList.forEach(ArrayList.java:1511)
	at org.testng.TestRunner.privateRun(TestRunner.java:794)
	at org.testng.TestRunner.run(TestRunner.java:596)
	at org.testng.SuiteRunner.runTest(SuiteRunner.java:377)
	at org.testng.SuiteRunner.runSequentially(SuiteRunner.java:371)
	at org.testng.SuiteRunner.privateRun(SuiteRunner.java:332)
	at org.testng.SuiteRunner.run(SuiteRunner.java:276)
	at org.testng.SuiteRunnerWorker.runSuite(SuiteRunnerWorker.java:53)
	at org.testng.SuiteRunnerWorker.run(SuiteRunnerWorker.java:96)
	at org.testng.TestNG.runSuitesSequentially(TestNG.java:1212)
	at org.testng.TestNG.runSuitesLocally(TestNG.java:1134)
	at org.testng.TestNG.runSuites(TestNG.java:1063)
	at org.testng.TestNG.run(TestNG.java:1031)
	at org.testng.remote.AbstractRemoteTestNG.run(AbstractRemoteTestNG.java:115)
	at org.testng.remote.RemoteTestNG.initAndRun(RemoteTestNG.java:251)
	at org.testng.remote.RemoteTestNG.main(RemoteTestNG.java:77)
</pre></div><a href='#' onClick='toggleBox("stack-trace1086017415", this, "Click to show all stack frames", "Click to hide stack frames")'>Click to show all stack frames</a>
<div class='stack-trace' id='stack-trace1086017415'><pre>java.lang.AssertionError: The following asserts failed:
	Validated Plan Type for Saudiarabia , Plan lite expected [true] but found [false],
	Validated Price and Plan Type for Saudiarabia , Plan lite Price 15 expected [true] but found [false],
	Validated Currency for Saudiarabia , CurrencySAR expected [true] but found [false],
	Validated Plan Type for Saudiarabia , Plan classic expected [true] but found [false],
	Validated Price and Plan Type for Saudiarabia , Plan classic Price 25 expected [true] but found [false],
	Validated Currency for Saudiarabia , CurrencySAR expected [true] but found [false],
	Validated Plan Type for Saudiarabia , Plan premium expected [true] but found [false],
	Validated Price and Plan Type for Saudiarabia , Plan premium Price 60 expected [true] but found [false],
	Validated Currency for Saudiarabia , CurrencySAR expected [true] but found [false],
	Validated Plan Type for Kuwait , Plan lite expected [true] but found [false],
	Validated Price and Plan Type for Kuwait , Plan lite Price 1.2 expected [true] but found [false],
	Validated Currency for Kuwait , CurrencyKWD expected [true] but found [false]
	at org.testng.asserts.SoftAssert.assertAll(SoftAssert.java:47)
	at org.testng.asserts.SoftAssert.assertAll(SoftAssert.java:31)
	at subscription.PlanValidationTest.validatePlanPriceCurrencyForCountry(PlanValidationTest.java:43)
	at java.base/jdk.internal.reflect.NativeMethodAccessorImpl.invoke0(Native Method)
	at java.base/jdk.internal.reflect.NativeMethodAccessorImpl.invoke(NativeMethodAccessorImpl.java:77)
	at java.base/jdk.internal.reflect.DelegatingMethodAccessorImpl.invoke(DelegatingMethodAccessorImpl.java:43)
	at java.base/java.lang.reflect.Method.invoke(Method.java:568)
	at org.testng.internal.MethodInvocationHelper.invokeMethod(MethodInvocationHelper.java:133)
	at org.testng.internal.TestInvoker.invokeMethod(TestInvoker.java:598)
	at org.testng.internal.TestInvoker.invokeTestMethod(TestInvoker.java:173)
	at org.testng.internal.MethodRunner.runInSequence(MethodRunner.java:46)
	at org.testng.internal.TestInvoker$MethodInvocationAgent.invoke(TestInvoker.java:824)
	at org.testng.internal.TestInvoker.invokeTestMethods(TestInvoker.java:146)
	at org.testng.internal.TestMethodWorker.invokeTestMethods(TestMethodWorker.java:146)
	at org.testng.internal.TestMethodWorker.run(TestMethodWorker.java:128)
	at java.base/java.util.ArrayList.forEach(ArrayList.java:1511)
	at org.testng.TestRunner.privateRun(TestRunner.java:794)
	at org.testng.TestRunner.run(TestRunner.java:596)
	at org.testng.SuiteRunner.runTest(SuiteRunner.java:377)
	at org.testng.SuiteRunner.runSequentially(SuiteRunner.java:371)
	at org.testng.SuiteRunner.privateRun(SuiteRunner.java:332)
	at org.testng.SuiteRunner.run(SuiteRunner.java:276)
	at org.testng.SuiteRunnerWorker.runSuite(SuiteRunnerWorker.java:53)
	at org.testng.SuiteRunnerWorker.run(SuiteRunnerWorker.java:96)
	at org.testng.TestNG.runSuitesSequentially(TestNG.java:1212)
	at org.testng.TestNG.runSuitesLocally(TestNG.java:1134)
	at org.testng.TestNG.runSuites(TestNG.java:1063)
	at org.testng.TestNG.run(TestNG.java:1031)
	at org.testng.remote.AbstractRemoteTestNG.run(AbstractRemoteTestNG.java:115)
	at org.testng.remote.RemoteTestNG.initAndRun(RemoteTestNG.java:251)
	at org.testng.remote.RemoteTestNG.main(RemoteTestNG.java:77)
</pre></div></td>
<td>3</td>
<td>subscription.PlanValidationTest@46cdf8bd</td></tr>
</table><p>
</body>
</html>